SF:lib\Services\functions.dart
DA:24,5
DA:27,5
DA:29,10
DA:30,10
DA:31,10
DA:32,5
LF:6
LH:6
end_of_record
SF:lib\Screen\login_screen.dart
DA:9,3
DA:12,2
DA:13,2
DA:14,2
DA:15,2
DA:22,2
DA:23,6
DA:30,2
DA:32,1
DA:33,1
DA:40,1
DA:44,2
DA:45,0
DA:48,1
DA:49,1
DA:54,1
DA:56,2
DA:57,1
DA:58,1
DA:59,1
DA:62,1
DA:64,1
DA:65,1
DA:69,1
DA:71,1
DA:73,1
DA:74,1
DA:75,1
DA:77,1
DA:80,1
DA:81,1
DA:82,1
DA:83,1
DA:86,1
DA:87,1
DA:89,1
DA:90,4
DA:91,4
DA:92,0
DA:93,1
DA:95,1
DA:96,1
DA:97,1
DA:108,1
DA:110,1
DA:111,4
DA:112,4
DA:113,0
DA:114,1
DA:117,1
DA:118,1
DA:119,1
DA:130,1
DA:131,1
DA:132,4
DA:133,4
DA:134,0
DA:135,1
DA:136,1
DA:137,3
DA:140,0
DA:141,0
DA:145,0
DA:147,0
DA:148,0
DA:149,0
DA:151,0
DA:153,0
DA:155,0
DA:156,0
DA:157,0
DA:159,0
DA:161,0
DA:162,0
DA:173,1
DA:175,1
DA:176,1
DA:177,1
DA:179,1
DA:181,1
DA:183,1
DA:184,1
DA:185,1
DA:187,1
DA:189,1
DA:190,2
DA:199,1
DA:201,1
DA:202,1
DA:203,1
DA:205,1
DA:207,1
DA:209,1
DA:210,1
DA:211,1
DA:213,1
DA:215,1
DA:216,2
DA:225,1
DA:227,1
DA:229,1
DA:231,1
DA:232,1
DA:233,1
DA:234,1
DA:241,1
DA:243,1
DA:245,1
DA:246,1
DA:247,1
DA:248,0
DA:249,0
DA:251,0
DA:252,0
LF:114
LH:92
end_of_record
SF:lib\Models\user_model.dart
DA:4,0
LF:1
LH:0
end_of_record
SF:lib\Services\auth_service.dart
DA:9,0
DA:14,0
DA:17,0
DA:18,0
DA:21,0
DA:25,0
DA:27,0
DA:30,0
DA:32,0
DA:34,0
DA:37,0
DA:38,0
LF:12
LH:0
end_of_record
SF:lib\Screen\register_screen.dart
DA:8,3
DA:11,1
DA:12,1
DA:13,1
DA:14,1
DA:21,1
DA:22,3
DA:29,2
DA:31,1
DA:32,1
DA:39,1
DA:43,2
DA:44,0
DA:46,1
DA:47,1
DA:52,1
DA:54,2
DA:55,1
DA:56,1
DA:57,1
DA:60,1
DA:62,1
DA:63,1
DA:67,1
DA:69,1
DA:71,1
DA:72,1
DA:73,1
DA:75,1
DA:78,1
DA:79,1
DA:80,1
DA:81,1
DA:83,1
DA:84,1
DA:86,1
DA:87,4
DA:88,4
DA:89,0
DA:90,1
DA:91,1
DA:92,1
DA:93,1
DA:107,1
DA:109,1
DA:110,4
DA:111,4
DA:112,0
DA:113,1
DA:114,1
DA:115,1
DA:118,1
DA:131,1
DA:132,1
DA:133,4
DA:134,4
DA:135,0
DA:136,1
DA:137,1
DA:138,3
DA:140,0
DA:141,0
DA:142,0
DA:143,0
DA:144,0
DA:145,0
DA:146,0
DA:147,0
DA:148,0
DA:149,0
DA:150,0
DA:153,0
DA:155,1
DA:157,1
DA:158,1
DA:159,1
DA:161,1
DA:163,1
DA:165,1
DA:166,1
DA:167,1
DA:170,1
DA:172,1
DA:173,2
DA:182,1
DA:183,1
DA:185,1
DA:187,1
DA:189,1
DA:190,1
DA:191,1
DA:192,1
DA:194,1
DA:197,1
DA:199,1
DA:201,1
DA:202,1
DA:203,1
DA:204,0
DA:205,0
LF:100
LH:82
end_of_record
SF:lib\Utils\custom_dialog_box.dart
DA:10,1
DA:14,1
DA:16,1
DA:17,1
DA:21,1
DA:23,1
DA:25,1
DA:26,1
DA:28,1
DA:30,1
DA:34,1
DA:37,1
DA:38,1
DA:39,1
DA:41,1
DA:42,1
DA:44,1
DA:45,1
DA:47,1
DA:48,1
DA:49,1
DA:51,1
DA:52,5
DA:59,1
DA:61,1
DA:63,1
DA:64,1
DA:65,1
DA:66,5
DA:67,1
DA:76,1
DA:77,1
DA:78,1
DA:79,5
DA:86,1
DA:87,1
DA:88,1
DA:89,5
DA:100,1
DA:102,1
DA:103,1
DA:106,1
DA:108,1
DA:109,1
DA:110,1
DA:111,5
DA:118,1
DA:119,1
DA:120,1
DA:121,0
DA:122,0
DA:123,0
DA:125,0
DA:126,0
DA:127,0
DA:128,0
DA:139,1
DA:141,1
DA:143,1
DA:145,1
DA:146,1
DA:147,1
DA:148,1
DA:149,2
LF:64
LH:57
end_of_record
SF:lib\Screen\Reservations\reservation_add_locker_tablet.dart
DA:14,1
DA:15,1
DA:17,1
DA:18,1
DA:58,0
DA:60,0
DA:61,0
DA:62,0
DA:91,1
DA:92,2
DA:93,1
DA:95,3
DA:99,1
DA:100,1
DA:101,5
DA:102,5
DA:103,5
DA:105,1
DA:107,1
DA:108,1
DA:110,1
DA:114,1
DA:116,1
DA:117,1
DA:119,1
DA:120,1
DA:121,1
DA:122,1
DA:123,1
DA:124,1
DA:125,1
DA:126,1
DA:127,1
DA:128,2
DA:129,1
DA:134,1
DA:135,1
DA:149,2
DA:150,4
DA:151,3
DA:152,1
DA:153,5
DA:154,1
DA:155,1
DA:156,2
DA:160,1
DA:161,1
DA:162,3
DA:163,1
DA:166,1
DA:169,1
DA:170,5
DA:172,1
DA:174,1
DA:176,1
DA:177,2
DA:178,1
DA:179,2
DA:180,6
DA:181,2
DA:182,2
DA:183,1
DA:184,1
DA:185,2
DA:189,1
DA:192,1
DA:202,1
DA:203,3
DA:205,5
DA:206,1
DA:207,1
DA:208,5
DA:209,5
DA:210,5
DA:211,5
DA:212,1
DA:214,1
DA:215,1
DA:217,1
DA:221,6
DA:222,2
DA:223,1
DA:224,1
DA:225,1
DA:226,1
DA:227,1
DA:228,1
DA:229,1
DA:230,1
DA:232,1
DA:233,1
DA:234,0
DA:235,0
DA:237,1
DA:239,1
DA:247,1
DA:249,1
DA:251,2
DA:253,1
DA:255,1
DA:258,1
DA:259,1
DA:260,1
DA:261,2
DA:262,1
DA:263,1
DA:264,1
DA:265,1
DA:266,1
DA:267,1
DA:269,1
DA:270,1
DA:271,0
DA:272,0
DA:274,1
DA:276,1
DA:284,1
DA:285,1
DA:286,1
DA:287,1
DA:288,1
DA:289,1
DA:291,1
DA:292,1
DA:293,0
DA:295,0
DA:296,0
DA:297,0
DA:299,0
DA:301,0
DA:304,0
DA:305,0
DA:307,0
DA:308,0
DA:310,0
DA:311,0
DA:312,0
DA:313,0
DA:314,0
DA:315,0
DA:316,0
DA:320,0
DA:322,1
DA:324,1
DA:333,1
DA:335,1
DA:337,2
DA:339,1
DA:341,1
DA:349,1
DA:350,2
DA:351,0
DA:353,0
DA:355,1
DA:357,1
DA:358,1
DA:359,0
DA:360,0
DA:361,0
DA:362,0
DA:363,0
DA:364,0
DA:367,0
DA:371,1
DA:374,1
DA:375,1
DA:376,5
DA:377,5
DA:378,5
DA:379,5
DA:380,1
DA:382,1
DA:383,1
DA:385,1
DA:389,6
DA:390,2
DA:391,1
DA:392,0
DA:393,0
DA:394,0
DA:395,0
DA:396,0
DA:397,0
DA:399,0
DA:401,0
DA:402,0
DA:403,0
DA:404,0
DA:406,0
DA:408,0
DA:416,1
DA:418,1
DA:420,2
DA:422,1
DA:424,1
DA:427,0
DA:429,0
DA:430,0
DA:431,0
DA:432,0
DA:433,0
DA:434,0
DA:435,0
DA:436,0
DA:438,0
DA:439,0
DA:440,0
DA:441,0
DA:443,0
DA:445,0
DA:453,0
DA:455,0
DA:457,0
DA:459,0
DA:460,0
DA:461,0
DA:462,0
DA:463,0
DA:465,0
DA:475,1
DA:476,2
DA:477,1
DA:479,3
DA:483,1
DA:484,1
DA:485,5
DA:486,5
DA:487,5
DA:489,1
DA:491,1
DA:492,1
DA:493,1
DA:495,1
DA:500,1
DA:501,5
DA:503,1
DA:504,1
DA:505,1
DA:506,1
DA:507,2
DA:508,1
DA:509,6
DA:510,1
DA:511,2
DA:512,1
DA:516,1
DA:517,5
DA:518,1
DA:525,1
DA:526,3
DA:528,1
DA:529,1
DA:530,5
DA:531,5
DA:532,5
DA:534,1
DA:536,1
DA:537,1
DA:539,1
DA:543,1
DA:545,1
DA:546,0
DA:548,1
DA:549,1
DA:551,1
DA:553,1
DA:561,1
DA:563,4
DA:564,3
DA:565,4
DA:566,1
DA:567,1
DA:568,1
DA:569,1
DA:579,1
DA:580,1
DA:581,1
DA:582,1
DA:583,1
DA:584,1
DA:585,1
DA:586,1
DA:588,1
DA:590,1
DA:591,1
DA:592,1
DA:594,1
DA:595,1
DA:600,1
DA:603,1
DA:604,1
DA:606,1
DA:607,1
DA:608,1
DA:610,1
DA:613,1
DA:615,1
DA:617,1
DA:618,1
DA:620,1
DA:621,1
DA:622,2
DA:624,4
DA:625,1
DA:634,0
DA:635,0
DA:637,0
DA:638,0
DA:641,0
DA:642,0
DA:643,0
DA:644,0
DA:645,0
DA:647,0
DA:648,0
DA:650,0
DA:651,0
DA:652,0
DA:653,0
DA:654,0
DA:655,0
DA:658,0
DA:662,0
DA:663,0
DA:664,0
DA:665,0
DA:666,0
DA:668,0
DA:670,0
DA:671,0
DA:673,0
DA:675,0
DA:677,0
DA:680,0
DA:685,0
DA:686,0
DA:687,0
DA:691,0
DA:693,2
DA:694,1
DA:697,1
DA:702,1
DA:703,1
DA:708,1
DA:710,1
DA:711,1
DA:714,1
DA:716,1
DA:717,1
DA:718,1
DA:730,1
DA:731,1
DA:732,1
DA:733,1
DA:734,1
DA:735,1
DA:739,1
DA:746,1
DA:748,1
DA:749,1
DA:750,1
DA:751,4
DA:752,4
DA:753,4
DA:754,4
DA:755,1
DA:756,1
DA:757,1
DA:758,1
DA:759,1
DA:762,1
DA:765,4
DA:766,4
DA:768,1
DA:769,1
DA:770,1
DA:771,1
DA:772,4
DA:773,4
DA:774,4
DA:775,4
DA:776,1
DA:777,1
DA:778,1
DA:781,1
DA:782,1
DA:783,1
DA:786,1
DA:787,2
DA:788,1
DA:793,1
DA:796,1
DA:797,1
DA:798,1
DA:801,2
DA:802,1
LF:396
LH:289
end_of_record
SF:lib\Services\database_service.dart
DA:4,0
DA:5,0
DA:6,0
DA:7,0
DA:8,0
DA:9,0
DA:12,0
DA:14,0
DA:15,0
DA:16,0
DA:17,0
DA:21,0
DA:22,0
DA:24,0
DA:25,0
DA:26,0
DA:27,0
DA:28,0
DA:29,0
DA:30,0
DA:31,0
DA:32,0
DA:34,0
DA:35,0
DA:37,0
DA:41,0
DA:42,0
DA:43,0
DA:44,0
DA:45,0
DA:46,0
DA:47,0
DA:48,0
DA:50,0
DA:51,0
DA:53,0
DA:79,0
DA:84,0
DA:85,0
DA:86,0
DA:87,0
DA:88,0
DA:89,0
DA:91,0
DA:92,0
DA:93,0
DA:97,0
DA:99,0
DA:101,0
DA:103,0
DA:104,0
LF:51
LH:0
end_of_record
SF:lib\Utils\bookingLockerWrapper_horizontalView.dart
DA:12,0
DA:14,0
DA:16,0
DA:17,0
DA:18,0
DA:19,0
DA:20,0
DA:21,0
DA:22,0
DA:24,0
DA:25,0
LF:11
LH:0
end_of_record
SF:lib\Utils\constants.dart
DA:2,0
LF:1
LH:0
end_of_record
SF:lib\Screen\info_screen_horizontal.dart
DA:7,0
DA:10,1
DA:13,1
DA:14,1
DA:18,0
DA:19,0
DA:28,1
DA:29,2
DA:32,1
DA:34,1
DA:35,1
DA:36,1
DA:46,1
DA:47,1
DA:48,1
DA:49,1
DA:51,1
DA:52,1
DA:53,1
DA:55,1
DA:56,1
DA:58,1
DA:63,1
DA:64,1
DA:65,1
DA:67,1
DA:68,1
DA:69,1
DA:70,2
DA:72,1
DA:74,0
DA:75,0
DA:77,0
DA:78,0
DA:80,0
DA:90,1
DA:91,1
DA:92,1
DA:94,1
DA:95,1
DA:96,1
DA:97,1
DA:101,1
DA:108,1
DA:110,1
DA:112,1
DA:113,1
DA:114,1
DA:116,1
DA:118,1
DA:124,1
DA:125,1
DA:126,1
DA:128,1
DA:134,1
DA:135,1
DA:139,1
DA:161,1
DA:162,1
DA:163,1
DA:164,0
DA:166,0
DA:167,0
DA:168,0
DA:169,0
DA:170,0
DA:175,0
DA:176,0
DA:177,0
DA:180,0
DA:181,0
DA:182,0
DA:183,0
DA:184,0
DA:185,0
DA:187,0
DA:188,0
DA:192,1
DA:194,1
DA:197,1
DA:199,1
DA:201,1
DA:203,1
DA:204,1
DA:206,2
DA:207,1
LF:86
LH:61
end_of_record
SF:lib\Screen\info_screen_vertical.dart
DA:7,0
DA:10,1
DA:13,1
DA:14,1
DA:18,0
DA:19,0
DA:29,1
DA:30,2
DA:33,1
DA:35,1
DA:36,1
DA:37,1
DA:47,1
DA:48,1
DA:50,1
DA:51,1
DA:53,1
DA:54,1
DA:55,1
DA:57,1
DA:58,1
DA:60,1
DA:65,1
DA:66,1
DA:68,4
DA:69,1
DA:71,1
DA:72,1
DA:73,1
DA:74,2
DA:76,1
DA:78,0
DA:79,0
DA:81,0
DA:82,0
DA:84,0
DA:93,1
DA:94,1
DA:95,1
DA:96,1
DA:97,2
DA:98,2
DA:100,1
DA:102,1
DA:103,1
DA:104,1
DA:106,1
DA:108,1
DA:110,1
DA:111,1
DA:112,1
DA:113,1
DA:114,1
DA:115,1
DA:116,1
DA:121,1
DA:122,1
DA:125,1
DA:131,1
DA:134,1
DA:135,1
DA:136,1
DA:144,1
DA:145,1
DA:146,1
DA:147,2
DA:148,4
DA:149,0
DA:150,1
DA:151,0
DA:154,1
DA:155,0
DA:156,0
DA:157,0
DA:158,0
DA:159,0
DA:160,0
DA:162,0
DA:163,0
DA:165,0
DA:166,0
DA:168,0
DA:171,0
DA:173,1
DA:175,1
DA:176,1
DA:177,1
DA:179,1
DA:182,1
DA:187,1
DA:189,1
DA:190,1
DA:191,1
DA:193,1
DA:196,1
DA:197,2
DA:206,1
DA:208,1
DA:216,1
DA:218,1
DA:220,1
DA:222,1
DA:223,1
DA:224,1
DA:225,1
DA:226,2
DA:227,1
LF:107
LH:85
end_of_record
SF:lib\Screen\Reservations\reservation_add_locker_vertical.dart
DA:12,1
DA:13,1
DA:15,1
DA:16,1
DA:54,0
DA:56,0
DA:57,0
DA:58,0
DA:87,1
DA:88,2
DA:89,1
DA:91,3
DA:95,1
DA:96,1
DA:97,1
DA:99,1
DA:100,1
DA:102,1
DA:106,1
DA:108,1
DA:109,1
DA:111,1
DA:112,1
DA:113,1
DA:114,1
DA:115,1
DA:116,1
DA:117,1
DA:118,1
DA:119,1
DA:120,2
DA:121,1
DA:126,1
DA:127,1
DA:141,2
DA:142,4
DA:143,3
DA:144,1
DA:145,5
DA:146,1
DA:147,1
DA:148,2
DA:152,1
DA:153,1
DA:154,3
DA:155,1
DA:158,1
DA:161,1
DA:164,1
DA:166,1
DA:168,1
DA:169,2
DA:170,1
DA:171,2
DA:172,6
DA:173,2
DA:174,2
DA:175,1
DA:176,1
DA:177,2
DA:181,5
DA:182,1
DA:193,1
DA:194,3
DA:196,5
DA:197,1
DA:198,1
DA:199,1
DA:201,1
DA:202,1
DA:204,1
DA:208,2
DA:209,1
DA:210,1
DA:211,1
DA:212,1
DA:213,1
DA:214,1
DA:215,1
DA:216,1
DA:218,1
DA:219,1
DA:220,0
DA:221,0
DA:223,1
DA:230,1
DA:232,1
DA:234,2
DA:236,1
DA:238,1
DA:239,1
DA:240,1
DA:241,2
DA:242,1
DA:243,1
DA:244,1
DA:245,1
DA:246,1
DA:247,1
DA:249,1
DA:250,1
DA:251,0
DA:252,0
DA:254,1
DA:256,1
DA:264,1
DA:265,1
DA:266,1
DA:267,1
DA:268,1
DA:269,1
DA:271,1
DA:272,1
DA:273,0
DA:275,0
DA:276,0
DA:277,0
DA:279,0
DA:281,0
DA:284,0
DA:285,0
DA:287,0
DA:288,0
DA:290,0
DA:291,0
DA:292,0
DA:293,0
DA:294,0
DA:295,0
DA:296,0
DA:300,0
DA:302,1
DA:304,1
DA:313,1
DA:315,1
DA:317,2
DA:319,1
DA:326,1
DA:327,2
DA:328,0
DA:330,0
DA:332,1
DA:334,1
DA:335,1
DA:336,0
DA:337,0
DA:338,0
DA:339,0
DA:340,0
DA:341,0
DA:344,0
DA:348,1
DA:351,1
DA:352,1
DA:353,1
DA:355,1
DA:356,1
DA:358,1
DA:362,2
DA:363,1
DA:364,0
DA:365,0
DA:366,0
DA:367,0
DA:368,0
DA:369,0
DA:371,0
DA:373,0
DA:374,0
DA:375,0
DA:376,0
DA:378,0
DA:380,0
DA:388,1
DA:390,1
DA:392,2
DA:394,1
DA:396,0
DA:398,0
DA:399,0
DA:400,0
DA:401,0
DA:402,0
DA:403,0
DA:404,0
DA:405,0
DA:407,0
DA:408,0
DA:409,0
DA:410,0
DA:412,0
DA:414,0
DA:422,0
DA:424,0
DA:426,0
DA:428,0
DA:429,0
DA:430,0
DA:431,0
DA:432,0
DA:441,1
DA:442,2
DA:443,1
DA:445,3
DA:449,1
DA:450,1
DA:451,1
DA:453,1
DA:454,1
DA:456,1
DA:460,1
DA:463,1
DA:464,1
DA:465,1
DA:466,1
DA:467,2
DA:468,1
DA:469,6
DA:470,1
DA:471,2
DA:472,1
DA:476,5
DA:477,1
DA:478,1
DA:485,1
DA:486,3
DA:487,1
DA:488,1
DA:489,1
DA:491,1
DA:492,1
DA:494,1
DA:498,1
DA:500,1
DA:501,0
DA:503,1
DA:504,1
DA:506,1
DA:508,1
DA:516,1
DA:518,4
DA:520,3
DA:521,4
DA:522,1
DA:523,1
DA:524,1
DA:525,1
DA:535,1
DA:536,1
DA:539,1
DA:540,1
DA:541,1
DA:542,1
DA:545,1
DA:546,1
DA:548,1
DA:549,1
DA:550,1
DA:551,1
DA:555,1
DA:556,1
DA:557,1
DA:558,1
DA:560,1
DA:561,1
DA:562,1
DA:565,1
DA:571,1
DA:572,1
DA:573,1
DA:574,1
DA:575,1
DA:577,1
DA:578,1
DA:579,1
DA:580,2
DA:581,1
DA:584,1
DA:586,1
DA:587,1
DA:588,1
DA:589,2
DA:590,1
DA:596,1
DA:598,1
DA:599,1
DA:600,1
DA:602,1
DA:604,1
DA:606,1
DA:607,1
DA:608,1
DA:609,1
DA:610,1
DA:611,2
DA:613,4
DA:614,1
DA:622,0
DA:623,0
DA:625,0
DA:626,0
DA:628,0
DA:629,0
DA:630,0
DA:631,0
DA:632,0
DA:634,0
DA:635,0
DA:637,0
DA:638,0
DA:639,0
DA:640,0
DA:641,0
DA:642,0
DA:645,0
DA:648,0
DA:649,0
DA:650,0
DA:651,0
DA:652,0
DA:654,0
DA:656,0
DA:658,0
DA:660,0
DA:662,0
DA:665,0
DA:669,0
DA:670,0
DA:674,0
DA:676,2
DA:677,1
DA:679,1
DA:684,1
DA:688,1
DA:690,1
DA:691,1
DA:694,1
DA:696,1
DA:697,1
DA:698,1
LF:340
LH:236
end_of_record
SF:lib\Screen\Reservations\reservation_add_tablet.dart
DA:11,1
DA:12,1
DA:16,1
DA:17,1
DA:57,0
DA:58,0
DA:59,0
DA:60,0
DA:64,1
DA:65,2
DA:66,3
DA:68,1
DA:71,0
DA:83,1
DA:86,1
DA:87,2
DA:89,1
DA:91,3
DA:92,1
DA:93,1
DA:94,2
DA:96,1
DA:98,2
DA:122,1
DA:123,2
DA:124,1
DA:126,3
DA:130,1
DA:131,1
DA:132,5
DA:133,5
DA:134,5
DA:136,1
DA:138,1
DA:139,1
DA:141,1
DA:145,1
DA:147,1
DA:148,1
DA:150,1
DA:151,1
DA:152,1
DA:153,1
DA:154,1
DA:155,1
DA:156,1
DA:157,1
DA:158,1
DA:159,2
DA:160,1
DA:165,1
DA:166,1
DA:180,2
DA:181,4
DA:182,3
DA:183,1
DA:184,5
DA:185,1
DA:186,1
DA:187,2
DA:191,1
DA:192,1
DA:193,3
DA:194,1
DA:197,1
DA:200,1
DA:201,5
DA:203,1
DA:205,1
DA:207,1
DA:208,2
DA:209,1
DA:210,2
DA:211,6
DA:212,2
DA:213,2
DA:214,1
DA:215,1
DA:216,2
DA:220,1
DA:222,5
DA:223,1
DA:233,1
DA:235,5
DA:236,1
DA:237,1
DA:238,5
DA:239,5
DA:240,5
DA:241,5
DA:242,1
DA:244,1
DA:245,1
DA:247,1
DA:251,6
DA:252,4
DA:253,1
DA:254,1
DA:255,1
DA:256,1
DA:257,1
DA:258,1
DA:259,1
DA:260,1
DA:262,1
DA:263,1
DA:264,0
DA:265,0
DA:267,1
DA:269,1
DA:277,1
DA:279,1
DA:281,2
DA:283,1
DA:285,1
DA:288,1
DA:289,1
DA:290,1
DA:291,2
DA:292,1
DA:293,1
DA:294,1
DA:295,1
DA:296,1
DA:297,1
DA:299,1
DA:300,1
DA:301,0
DA:302,0
DA:304,1
DA:306,1
DA:314,1
DA:315,1
DA:316,1
DA:317,1
DA:318,1
DA:319,1
DA:321,1
DA:322,1
DA:323,0
DA:325,0
DA:326,0
DA:327,0
DA:328,0
DA:329,0
DA:331,0
DA:334,0
DA:335,0
DA:337,0
DA:338,0
DA:340,0
DA:341,0
DA:342,0
DA:343,0
DA:344,0
DA:345,0
DA:346,0
DA:350,0
DA:352,1
DA:354,1
DA:363,1
DA:365,1
DA:367,2
DA:369,1
DA:371,1
DA:379,1
DA:380,2
DA:381,0
DA:383,0
DA:385,1
DA:387,1
DA:388,1
DA:389,0
DA:390,0
DA:391,0
DA:392,0
DA:393,0
DA:394,0
DA:396,0
DA:400,1
DA:403,1
DA:404,1
DA:405,5
DA:406,5
DA:407,5
DA:408,5
DA:409,1
DA:411,1
DA:412,1
DA:414,1
DA:418,6
DA:419,2
DA:420,1
DA:421,0
DA:422,0
DA:423,0
DA:424,0
DA:425,0
DA:426,0
DA:428,0
DA:430,0
DA:431,0
DA:432,0
DA:433,0
DA:435,0
DA:437,0
DA:445,1
DA:447,1
DA:449,2
DA:451,1
DA:453,1
DA:456,0
DA:458,0
DA:459,0
DA:460,0
DA:461,0
DA:462,0
DA:463,0
DA:464,0
DA:465,0
DA:467,0
DA:468,0
DA:469,0
DA:470,0
DA:472,0
DA:474,0
DA:482,0
DA:484,0
DA:485,0
DA:486,0
DA:488,0
DA:489,0
DA:490,0
DA:491,0
DA:492,0
DA:494,0
DA:504,1
DA:505,2
DA:506,1
DA:508,3
DA:512,1
DA:513,1
DA:514,5
DA:515,5
DA:516,5
DA:518,1
DA:520,1
DA:521,1
DA:522,1
DA:524,1
DA:529,1
DA:530,5
DA:532,1
DA:533,1
DA:534,1
DA:535,1
DA:536,2
DA:537,1
DA:538,6
DA:539,1
DA:540,2
DA:541,1
DA:545,1
DA:546,5
DA:547,1
DA:555,1
DA:556,1
DA:557,1
DA:558,5
DA:559,5
DA:560,5
DA:562,1
DA:564,1
DA:565,1
DA:567,1
DA:571,1
DA:573,1
DA:574,1
DA:575,1
DA:576,1
DA:577,1
DA:578,2
DA:579,1
DA:580,1
DA:581,2
DA:582,1
DA:583,1
DA:586,1
DA:588,1
DA:589,1
DA:598,1
DA:600,1
DA:601,1
DA:602,1
DA:603,1
DA:613,1
DA:614,1
DA:615,1
DA:616,1
DA:617,1
DA:618,1
DA:619,1
DA:620,1
DA:621,1
DA:623,1
DA:624,1
DA:625,1
DA:627,1
DA:628,1
DA:633,1
DA:636,1
DA:637,1
DA:639,1
DA:640,1
DA:641,1
DA:643,1
DA:646,1
DA:648,1
DA:650,1
DA:652,1
DA:653,1
DA:655,1
DA:657,2
DA:659,2
DA:660,2
DA:661,1
DA:667,2
DA:669,2
DA:670,2
DA:671,1
DA:680,0
DA:681,0
DA:683,0
DA:684,0
DA:687,0
DA:688,0
DA:689,0
DA:690,0
DA:691,0
DA:693,0
DA:694,0
DA:695,0
DA:696,0
DA:697,0
DA:698,0
DA:699,0
DA:700,0
DA:701,0
DA:704,0
DA:708,0
DA:709,0
DA:710,0
DA:711,0
DA:712,0
DA:714,0
DA:716,0
DA:717,0
DA:719,0
DA:720,0
DA:721,0
DA:723,0
DA:726,0
DA:731,0
DA:732,0
DA:733,0
DA:737,0
DA:739,2
DA:740,1
DA:742,1
DA:748,1
DA:749,1
DA:754,1
DA:756,1
DA:757,1
DA:760,1
DA:762,1
DA:763,1
DA:764,1
DA:775,1
DA:776,1
DA:778,1
DA:779,1
DA:780,1
DA:781,1
DA:785,1
DA:792,1
DA:793,1
DA:795,1
DA:796,1
DA:797,1
DA:798,4
DA:800,4
DA:802,4
DA:803,4
DA:804,1
DA:805,1
DA:807,1
DA:808,3
DA:811,2
DA:814,1
DA:818,4
DA:820,4
DA:822,1
DA:823,1
DA:824,1
DA:825,1
DA:826,4
DA:828,4
DA:830,4
DA:832,4
DA:834,1
DA:835,1
DA:836,1
DA:839,1
DA:840,1
DA:841,1
DA:844,1
DA:845,2
DA:846,1
DA:853,1
DA:856,1
DA:857,1
DA:858,1
DA:861,2
DA:862,1
LF:425
LH:314
end_of_record
SF:lib\Screen\Reservations\reservation_add_vertical.dart
DA:9,2
DA:13,1
DA:14,1
DA:52,0
DA:53,0
DA:54,0
DA:55,0
DA:59,1
DA:60,2
DA:61,3
DA:63,1
DA:66,0
DA:70,1
DA:73,1
DA:74,2
DA:76,1
DA:78,3
DA:79,1
DA:80,1
DA:81,2
DA:83,1
DA:85,2
DA:92,1
DA:93,2
DA:94,1
DA:96,3
DA:100,1
DA:101,1
DA:102,1
DA:104,1
DA:105,1
DA:107,1
DA:111,1
DA:113,1
DA:114,1
DA:116,1
DA:117,1
DA:118,1
DA:119,1
DA:120,1
DA:121,1
DA:122,1
DA:123,1
DA:124,1
DA:125,2
DA:126,1
DA:131,1
DA:132,1
DA:146,2
DA:147,4
DA:148,3
DA:149,1
DA:150,5
DA:151,1
DA:152,1
DA:153,2
DA:157,1
DA:158,1
DA:159,3
DA:160,1
DA:163,1
DA:166,1
DA:169,1
DA:171,1
DA:173,2
DA:174,1
DA:175,2
DA:176,6
DA:177,2
DA:178,2
DA:179,1
DA:180,1
DA:181,2
DA:186,1
DA:187,5
DA:197,1
DA:199,5
DA:200,1
DA:201,1
DA:202,1
DA:204,1
DA:205,1
DA:207,1
DA:211,4
DA:212,1
DA:213,1
DA:214,1
DA:215,1
DA:216,1
DA:217,1
DA:218,1
DA:219,1
DA:221,1
DA:222,1
DA:223,0
DA:224,0
DA:226,1
DA:233,1
DA:235,1
DA:237,2
DA:239,1
DA:241,1
DA:242,1
DA:243,1
DA:244,2
DA:245,1
DA:246,1
DA:247,1
DA:248,1
DA:249,1
DA:250,1
DA:252,1
DA:253,1
DA:254,0
DA:255,0
DA:257,1
DA:264,1
DA:265,1
DA:266,1
DA:267,1
DA:268,1
DA:269,1
DA:271,1
DA:272,1
DA:273,0
DA:275,0
DA:276,0
DA:277,0
DA:278,0
DA:279,0
DA:281,0
DA:284,0
DA:285,0
DA:287,0
DA:288,0
DA:290,0
DA:291,0
DA:292,0
DA:293,0
DA:294,0
DA:295,0
DA:296,0
DA:300,0
DA:302,1
DA:310,1
DA:312,1
DA:314,2
DA:316,1
DA:323,1
DA:324,2
DA:325,0
DA:327,0
DA:329,1
DA:331,1
DA:332,1
DA:333,0
DA:334,0
DA:335,0
DA:336,0
DA:337,0
DA:338,0
DA:341,0
DA:345,1
DA:348,1
DA:349,1
DA:350,1
DA:352,1
DA:353,1
DA:355,1
DA:359,2
DA:360,1
DA:361,0
DA:362,0
DA:363,0
DA:364,0
DA:365,0
DA:366,0
DA:368,0
DA:370,0
DA:371,0
DA:372,0
DA:373,0
DA:375,0
DA:382,1
DA:384,1
DA:386,2
DA:388,1
DA:390,0
DA:392,0
DA:393,0
DA:394,0
DA:395,0
DA:396,0
DA:397,0
DA:398,0
DA:399,0
DA:401,0
DA:402,0
DA:403,0
DA:404,0
DA:406,0
DA:413,0
DA:415,0
DA:417,0
DA:419,0
DA:420,0
DA:421,0
DA:422,0
DA:423,0
DA:432,1
DA:433,2
DA:434,1
DA:436,3
DA:440,1
DA:441,1
DA:442,1
DA:444,1
DA:445,1
DA:447,1
DA:451,1
DA:454,1
DA:455,1
DA:456,1
DA:457,2
DA:458,1
DA:459,6
DA:460,1
DA:461,2
DA:462,1
DA:466,1
DA:467,5
DA:475,1
DA:476,1
DA:477,1
DA:478,1
DA:480,1
DA:481,1
DA:483,1
DA:487,1
DA:489,1
DA:490,1
DA:491,1
DA:492,1
DA:493,2
DA:494,1
DA:495,1
DA:496,2
DA:497,1
DA:498,1
DA:501,1
DA:511,1
DA:513,1
DA:514,1
DA:515,1
DA:516,1
DA:526,1
DA:527,1
DA:530,1
DA:531,1
DA:532,1
DA:533,1
DA:536,1
DA:537,1
DA:539,1
DA:540,1
DA:541,3
DA:543,2
DA:547,1
DA:548,1
DA:549,1
DA:550,1
DA:552,1
DA:553,1
DA:554,1
DA:557,1
DA:563,1
DA:564,1
DA:565,1
DA:566,1
DA:567,1
DA:569,1
DA:570,1
DA:571,1
DA:572,2
DA:573,1
DA:576,1
DA:578,1
DA:579,1
DA:580,1
DA:581,2
DA:582,1
DA:588,1
DA:590,1
DA:591,1
DA:592,1
DA:594,1
DA:596,1
DA:598,1
DA:599,1
DA:600,1
DA:601,1
DA:602,1
DA:604,2
DA:606,4
DA:607,1
DA:613,2
DA:615,4
DA:616,1
DA:624,0
DA:625,0
DA:627,0
DA:628,0
DA:630,0
DA:631,0
DA:632,0
DA:633,0
DA:634,0
DA:636,0
DA:637,0
DA:638,0
DA:639,0
DA:640,0
DA:641,0
DA:642,0
DA:643,0
DA:644,0
DA:647,0
DA:650,0
DA:651,0
DA:652,0
DA:653,0
DA:654,0
DA:656,0
DA:658,0
DA:660,0
DA:661,0
DA:662,0
DA:664,0
DA:667,0
DA:671,0
DA:672,0
DA:676,0
DA:678,2
DA:679,1
DA:681,1
DA:686,1
DA:690,1
DA:692,1
DA:693,1
DA:696,1
DA:698,1
DA:699,1
DA:700,1
LF:353
LH:248
end_of_record
SF:lib\Screen\Reservations\reservations_history.dart
DA:10,1
DA:14,1
DA:16,1
DA:20,1
DA:41,1
DA:43,1
DA:45,1
DA:46,1
DA:47,3
DA:48,1
DA:49,1
DA:50,1
DA:51,1
DA:52,1
DA:54,1
DA:55,2
DA:56,1
DA:60,1
DA:62,1
DA:63,1
DA:64,1
DA:65,3
DA:66,1
DA:72,1
DA:73,1
DA:74,1
DA:75,4
DA:76,1
DA:79,1
DA:80,1
DA:81,1
DA:82,4
DA:83,1
DA:97,1
DA:99,1
DA:100,1
DA:101,1
DA:102,1
DA:111,1
DA:113,3
DA:114,1
DA:115,1
DA:116,1
DA:118,1
DA:119,3
DA:120,1
DA:121,4
DA:122,4
DA:124,5
DA:126,5
DA:129,4
DA:130,4
DA:132,1
DA:139,0
DA:140,1
LF:55
LH:54
end_of_record
SF:lib\Screen\Reservations\reservations_list_tablet.dart
DA:12,1
DA:15,1
DA:16,1
DA:33,1
DA:36,1
DA:38,0
DA:39,0
DA:40,0
DA:41,0
DA:42,0
DA:43,0
DA:46,0
DA:47,0
DA:48,0
DA:49,0
DA:50,0
DA:51,0
DA:52,0
DA:53,0
DA:54,0
DA:55,0
DA:59,0
DA:60,0
DA:64,0
DA:65,0
DA:69,3
DA:70,2
DA:75,1
DA:77,1
DA:78,1
DA:79,1
DA:80,1
DA:89,1
DA:90,1
DA:91,0
DA:92,0
DA:94,0
DA:95,0
DA:96,0
DA:99,1
DA:103,1
DA:104,1
DA:105,1
DA:106,0
DA:107,0
DA:109,0
DA:112,0
DA:113,0
DA:115,1
DA:119,1
DA:120,1
DA:123,3
DA:124,1
DA:126,2
DA:128,1
DA:129,1
DA:130,1
DA:132,1
DA:133,3
DA:134,1
DA:136,4
DA:137,4
DA:138,3
DA:139,1
DA:140,1
DA:141,3
DA:142,1
DA:143,1
DA:145,4
DA:147,4
DA:149,4
DA:151,4
DA:154,1
DA:155,2
DA:156,1
DA:158,1
DA:159,3
DA:160,1
DA:162,1
DA:164,1
DA:165,2
DA:166,1
DA:170,1
DA:171,2
DA:172,1
DA:173,1
DA:174,1
DA:175,1
DA:176,1
DA:177,1
DA:178,1
DA:179,1
DA:180,1
DA:187,1
DA:189,1
DA:191,2
DA:192,2
DA:193,1
DA:194,1
DA:197,1
DA:198,1
DA:199,1
DA:200,1
DA:201,1
DA:202,1
DA:203,1
DA:204,2
DA:205,1
DA:206,1
DA:207,1
DA:208,1
DA:209,1
LF:112
LH:82
end_of_record
SF:lib\Screen\Reservations\reservation_tile_horizontal.dart
DA:7,2
DA:33,2
DA:35,2
DA:37,2
DA:38,2
DA:39,2
DA:40,8
DA:42,8
DA:43,8
DA:44,2
DA:45,2
DA:49,2
DA:50,2
DA:51,4
DA:56,2
DA:57,2
DA:59,2
DA:61,2
DA:62,2
DA:63,2
DA:64,8
DA:65,8
DA:66,8
DA:68,2
DA:70,2
DA:71,2
DA:72,2
DA:73,8
DA:74,2
DA:78,2
DA:79,2
DA:80,8
DA:81,2
DA:88,2
DA:89,2
DA:90,8
DA:91,8
DA:92,8
DA:94,2
DA:96,2
DA:97,2
DA:98,6
DA:99,2
DA:104,2
DA:105,6
DA:106,2
DA:114,2
DA:115,2
DA:116,8
DA:117,8
DA:118,8
DA:120,2
DA:122,2
DA:123,2
DA:125,2
DA:126,4
DA:127,2
DA:134,2
DA:136,2
DA:137,4
DA:138,2
DA:141,2
DA:150,2
DA:151,2
DA:153,10
DA:154,2
DA:155,2
DA:156,2
DA:157,2
DA:159,2
DA:160,2
DA:161,2
DA:162,2
DA:163,2
DA:164,2
DA:165,2
DA:167,2
LF:77
LH:77
end_of_record
SF:lib\Utils\reservationAddTabletWrapper.dart
DA:8,0
DA:10,0
DA:12,0
DA:13,0
DA:14,0
DA:15,0
DA:16,0
DA:17,0
DA:19,0
LF:9
LH:0
end_of_record
SF:lib\Utils\reservationsHistoryWrapper.dart
DA:7,0
DA:9,0
DA:11,0
DA:18,0
DA:20,0
DA:21,0
DA:22,0
DA:23,0
DA:25,0
DA:26,0
DA:27,0
DA:28,0
DA:29,0
DA:30,0
DA:32,0
DA:33,0
DA:34,0
DA:37,0
LF:18
LH:0
end_of_record
SF:lib\Screen\Reservations\reservations_list_vertical.dart
DA:13,1
DA:16,1
DA:17,1
DA:24,1
DA:27,1
DA:29,0
DA:30,0
DA:31,0
DA:32,0
DA:33,0
DA:34,0
DA:37,0
DA:38,0
DA:39,0
DA:40,0
DA:41,0
DA:42,0
DA:43,0
DA:44,0
DA:45,0
DA:46,0
DA:51,0
DA:52,0
DA:56,3
DA:57,2
DA:62,1
DA:64,1
DA:65,1
DA:66,1
DA:67,1
DA:76,1
DA:77,1
DA:78,0
DA:79,0
DA:81,0
DA:82,0
DA:85,1
DA:90,1
DA:91,0
DA:92,0
DA:94,0
DA:96,0
DA:97,0
DA:99,1
DA:106,3
DA:107,1
DA:109,2
DA:111,1
DA:112,3
DA:113,1
DA:114,4
DA:115,4
DA:117,5
DA:119,5
DA:121,4
DA:123,4
DA:124,4
DA:126,4
DA:129,1
DA:130,2
DA:131,1
DA:133,1
DA:135,1
DA:136,1
DA:138,1
DA:140,1
DA:141,3
DA:142,1
DA:148,1
DA:150,1
DA:151,2
DA:152,1
DA:155,1
DA:156,1
DA:165,2
LF:75
LH:48
end_of_record
SF:lib\Screen\Reservations\reservation_tile_vertical.dart
DA:5,2
DA:32,2
DA:34,2
DA:35,2
DA:36,2
DA:38,2
DA:39,2
DA:41,2
DA:42,2
DA:44,2
DA:46,2
DA:47,2
DA:52,2
DA:53,2
DA:54,4
DA:59,2
DA:61,2
DA:62,2
DA:65,2
DA:66,2
DA:68,8
DA:69,2
DA:74,2
DA:76,8
DA:77,2
DA:82,2
DA:83,4
DA:84,2
DA:89,2
DA:90,4
DA:91,2
DA:101,2
DA:102,4
DA:103,2
DA:115,2
DA:116,2
DA:117,2
DA:119,2
DA:120,2
DA:121,2
DA:122,2
DA:124,2
DA:126,2
DA:127,2
DA:128,2
DA:129,2
DA:130,2
DA:131,2
DA:132,2
DA:134,2
LF:50
LH:50
end_of_record
SF:lib\Utils\reservationAddWrapper.dart
DA:21,0
DA:23,0
DA:25,0
DA:26,0
DA:27,0
DA:28,0
DA:29,0
DA:30,0
DA:32,0
LF:9
LH:0
end_of_record
SF:lib\Screen\User\add_profile_screen.dart
DA:12,1
DA:16,1
DA:17,1
DA:35,1
DA:37,1
DA:38,1
DA:41,1
DA:42,2
DA:43,1
DA:45,2
DA:46,2
DA:47,2
DA:48,2
DA:49,2
DA:50,1
DA:54,1
DA:55,1
DA:57,1
DA:64,1
DA:65,1
DA:67,1
DA:69,1
DA:70,1
DA:72,1
DA:79,1
DA:80,1
DA:82,1
DA:89,1
DA:90,1
DA:92,1
DA:94,1
DA:95,1
DA:96,1
DA:105,1
DA:106,1
DA:108,1
DA:115,1
DA:116,1
DA:118,1
DA:120,1
DA:121,1
DA:122,1
DA:129,1
DA:130,1
DA:132,1
DA:139,1
DA:140,1
DA:142,1
DA:144,1
DA:145,1
DA:146,1
DA:155,1
DA:157,2
DA:160,2
DA:161,2
DA:162,2
DA:163,2
DA:164,2
DA:168,1
DA:177,0
DA:179,0
DA:180,0
DA:181,0
DA:183,0
DA:185,0
DA:186,0
DA:187,0
DA:188,0
DA:189,0
DA:191,0
DA:193,0
DA:202,1
DA:204,1
DA:205,1
DA:206,1
DA:208,1
DA:210,1
DA:211,1
DA:212,1
DA:213,0
DA:214,0
DA:216,1
DA:218,1
DA:228,1
DA:232,2
DA:233,0
DA:235,1
DA:236,1
DA:237,1
DA:238,1
DA:247,1
DA:249,1
DA:250,1
DA:251,1
DA:252,1
DA:253,1
DA:256,1
DA:258,1
DA:259,1
DA:264,1
DA:265,4
DA:266,1
DA:267,4
DA:268,4
DA:271,0
DA:273,1
DA:274,1
DA:275,1
DA:276,1
DA:277,1
DA:278,1
DA:282,1
DA:284,1
DA:287,1
DA:288,1
DA:289,2
DA:291,4
DA:292,1
DA:293,1
DA:294,4
DA:295,1
DA:296,1
DA:298,1
DA:299,3
DA:300,1
DA:301,1
DA:302,4
DA:303,4
DA:304,1
DA:305,1
DA:309,1
DA:310,1
DA:311,1
DA:312,1
DA:313,1
DA:315,1
DA:317,1
DA:318,1
DA:319,1
DA:321,1
DA:323,1
DA:325,1
DA:326,1
DA:327,1
DA:330,1
DA:332,0
DA:333,0
DA:342,1
DA:344,1
DA:347,1
DA:349,1
DA:351,1
DA:352,1
DA:354,1
DA:355,1
DA:356,1
DA:357,1
DA:366,1
DA:367,0
DA:369,0
DA:372,1
DA:373,1
LF:162
LH:142
end_of_record
SF:lib\Screen\User\edit_profile_screen.dart
DA:6,1
DA:8,1
DA:9,1
DA:27,1
DA:29,1
DA:30,1
DA:33,1
DA:34,2
DA:35,1
DA:38,2
DA:39,5
DA:40,5
DA:41,5
DA:42,5
DA:44,0
DA:45,0
DA:46,0
DA:47,0
DA:50,2
DA:51,1
DA:55,1
DA:56,1
DA:58,1
DA:65,1
DA:66,1
DA:68,1
DA:70,1
DA:71,1
DA:72,1
DA:79,1
DA:80,1
DA:82,1
DA:89,1
DA:90,1
DA:92,1
DA:94,1
DA:95,1
DA:96,1
DA:103,1
DA:104,1
DA:106,1
DA:113,1
DA:114,1
DA:116,1
DA:118,1
DA:119,1
DA:120,1
DA:127,1
DA:128,1
DA:130,1
DA:137,1
DA:138,1
DA:140,1
DA:142,1
DA:143,1
DA:144,1
DA:151,1
DA:153,2
DA:156,3
DA:157,3
DA:158,2
DA:159,2
DA:160,2
DA:164,2
DA:166,2
DA:167,1
DA:176,0
DA:187,0
DA:189,0
DA:190,0
DA:191,0
DA:193,0
DA:195,0
DA:196,0
DA:197,0
DA:198,0
DA:199,0
DA:200,0
DA:204,0
DA:206,0
DA:215,1
DA:217,1
DA:218,1
DA:219,1
DA:221,1
DA:223,1
DA:224,1
DA:225,1
DA:226,0
DA:227,0
DA:229,1
DA:231,1
DA:241,1
DA:243,1
DA:244,1
DA:245,1
DA:246,1
DA:256,1
DA:258,1
DA:259,1
DA:260,1
DA:261,1
DA:265,1
DA:268,1
DA:269,1
DA:270,3
DA:271,0
DA:273,0
DA:274,3
DA:275,0
DA:276,7
DA:277,1
DA:284,1
DA:285,4
DA:286,1
DA:287,4
DA:288,4
DA:291,0
DA:293,1
DA:294,1
DA:295,1
DA:296,1
DA:297,1
DA:298,1
DA:302,1
DA:304,1
DA:307,1
DA:308,1
DA:309,2
DA:311,4
DA:312,1
DA:313,1
DA:314,4
DA:315,1
DA:316,1
DA:318,1
DA:319,3
DA:320,1
DA:321,1
DA:322,4
DA:323,4
DA:324,1
DA:325,1
DA:329,1
DA:330,1
DA:331,1
DA:332,1
DA:333,1
DA:335,1
DA:337,1
DA:338,1
DA:339,1
DA:341,1
DA:343,1
DA:345,1
DA:346,1
DA:347,1
DA:350,1
DA:352,0
DA:353,0
DA:362,1
DA:364,1
DA:367,1
DA:369,1
DA:371,1
DA:372,1
DA:374,1
DA:375,1
DA:376,1
DA:377,1
LF:170
LH:144
end_of_record
SF:lib\Screen\User\user_profile_screen.dart
DA:11,1
DA:14,1
DA:15,1
DA:19,1
DA:23,2
DA:24,0
DA:26,2
DA:27,0
DA:28,1
DA:29,1
DA:34,1
DA:35,1
DA:36,1
DA:37,1
DA:40,1
DA:42,1
DA:43,1
DA:48,1
DA:50,1
DA:54,1
DA:57,1
DA:58,1
DA:59,9
DA:60,1
DA:67,1
DA:69,1
DA:70,7
DA:71,1
DA:77,1
DA:78,4
DA:79,1
DA:80,4
DA:81,4
DA:83,0
DA:84,1
DA:85,1
DA:86,1
DA:87,1
DA:88,1
DA:89,1
DA:90,1
DA:91,1
DA:96,1
DA:99,1
DA:100,7
DA:101,1
DA:102,5
DA:103,5
DA:111,1
DA:112,4
DA:113,1
DA:114,4
DA:115,4
DA:117,0
DA:118,1
DA:119,1
DA:120,1
DA:121,1
DA:122,1
DA:123,1
DA:124,1
DA:125,1
DA:130,1
DA:133,1
DA:134,4
DA:135,1
DA:136,5
DA:143,1
DA:144,4
DA:145,1
DA:146,4
DA:147,4
DA:149,0
DA:150,1
DA:151,1
DA:152,1
DA:153,1
DA:154,1
DA:155,1
DA:156,1
DA:157,1
DA:162,1
DA:165,1
DA:166,4
DA:167,1
DA:172,1
DA:173,4
DA:174,1
DA:175,4
DA:176,4
DA:178,0
DA:179,1
DA:180,1
DA:181,1
DA:182,1
DA:183,1
DA:184,1
DA:185,1
DA:186,1
DA:191,1
DA:194,1
DA:195,4
DA:196,1
DA:197,5
DA:204,1
DA:205,1
DA:206,0
DA:207,0
DA:209,0
DA:210,0
DA:213,1
DA:215,1
DA:217,1
DA:219,1
DA:220,1
DA:221,1
DA:222,1
DA:223,1
DA:224,1
DA:225,1
DA:226,1
DA:232,1
DA:233,0
DA:235,0
DA:238,1
DA:239,1
LF:126
LH:114
end_of_record
SF:lib\Utils\editProfileWrapper.dart
DA:10,1
DA:12,0
DA:13,0
DA:19,0
DA:21,0
DA:22,0
DA:23,0
DA:24,0
DA:25,0
DA:26,0
DA:27,0
DA:28,0
DA:29,0
DA:31,0
DA:32,0
DA:34,0
DA:35,0
DA:37,0
DA:38,0
DA:40,0
DA:41,0
LF:21
LH:1
end_of_record
