SF:lib\Screen\login_screen.dart
DA:9,3
DA:12,1
DA:13,1
DA:14,1
DA:15,1
DA:22,1
DA:23,3
DA:30,2
DA:32,1
DA:33,1
DA:40,1
DA:44,2
DA:45,0
DA:48,1
DA:49,1
DA:54,1
DA:56,2
DA:57,1
DA:58,1
DA:59,1
DA:62,1
DA:64,1
DA:65,1
DA:69,1
DA:71,1
DA:73,1
DA:74,1
DA:75,1
DA:77,1
DA:80,1
DA:81,1
DA:82,1
DA:83,1
DA:86,1
DA:87,1
DA:89,1
DA:90,4
DA:91,4
DA:92,0
DA:93,1
DA:95,0
DA:96,0
DA:97,1
DA:108,1
DA:110,1
DA:111,4
DA:112,4
DA:113,0
DA:114,1
DA:117,0
DA:118,0
DA:119,1
DA:130,1
DA:131,1
DA:132,4
DA:133,4
DA:134,0
DA:135,1
DA:136,0
DA:137,0
DA:140,0
DA:141,0
DA:145,0
DA:147,0
DA:148,0
DA:149,0
DA:151,0
DA:153,0
DA:155,0
DA:156,0
DA:157,0
DA:159,0
DA:161,0
DA:162,0
DA:173,0
DA:175,0
DA:176,0
DA:177,0
DA:179,0
DA:181,0
DA:183,0
DA:184,0
DA:185,0
DA:187,0
DA:189,0
DA:190,0
DA:199,0
DA:201,0
DA:202,0
DA:203,0
DA:205,0
DA:207,0
DA:209,0
DA:210,0
DA:211,0
DA:213,0
DA:215,0
DA:216,0
DA:225,1
DA:227,1
DA:229,1
DA:231,1
DA:232,1
DA:233,1
DA:234,1
DA:241,1
DA:243,1
DA:245,1
DA:246,1
DA:247,1
DA:248,0
DA:249,0
DA:251,0
DA:252,0
LF:114
LH:62
end_of_record
SF:lib\Models\user_model.dart
DA:4,0
LF:1
LH:0
end_of_record
SF:lib\Services\auth_service.dart
DA:9,0
DA:14,0
DA:17,0
DA:18,0
DA:21,0
DA:25,0
DA:27,0
DA:30,0
DA:32,0
DA:34,0
DA:37,0
DA:38,0
LF:12
LH:0
end_of_record
SF:lib\Screen\register_screen.dart
DA:8,3
DA:11,0
DA:12,0
DA:13,0
DA:14,0
DA:21,0
DA:22,0
DA:29,2
DA:31,1
DA:32,1
DA:39,1
DA:43,2
DA:44,0
DA:46,1
DA:47,1
DA:52,1
DA:54,2
DA:55,1
DA:56,1
DA:57,1
DA:60,1
DA:62,1
DA:63,1
DA:67,1
DA:69,1
DA:71,1
DA:72,1
DA:73,1
DA:75,1
DA:78,1
DA:79,1
DA:80,1
DA:81,1
DA:83,1
DA:84,1
DA:86,1
DA:87,4
DA:88,4
DA:89,0
DA:90,1
DA:91,0
DA:92,0
DA:93,1
DA:107,1
DA:109,1
DA:110,4
DA:111,4
DA:112,0
DA:113,1
DA:114,0
DA:115,0
DA:118,1
DA:131,1
DA:132,1
DA:133,4
DA:134,4
DA:135,0
DA:136,1
DA:137,0
DA:138,0
DA:140,0
DA:141,0
DA:142,0
DA:143,0
DA:144,0
DA:145,0
DA:146,0
DA:147,0
DA:148,0
DA:149,0
DA:150,0
DA:153,0
DA:155,0
DA:157,0
DA:158,0
DA:159,0
DA:161,0
DA:163,0
DA:165,0
DA:166,0
DA:167,0
DA:170,0
DA:172,0
DA:173,0
DA:182,1
DA:183,1
DA:185,1
DA:187,1
DA:189,1
DA:190,1
DA:191,1
DA:192,1
DA:194,1
DA:197,1
DA:199,1
DA:201,1
DA:202,1
DA:203,1
DA:204,0
DA:205,0
LF:100
LH:58
end_of_record
SF:lib\Utils\custom_dialog_box.dart
DA:11,1
DA:15,1
DA:17,1
DA:18,1
DA:22,1
DA:24,1
DA:26,1
DA:27,1
DA:29,1
DA:31,1
DA:35,1
DA:38,1
DA:39,1
DA:40,1
DA:42,1
DA:43,1
DA:45,1
DA:46,1
DA:48,1
DA:49,1
DA:50,1
DA:52,1
DA:53,5
DA:60,1
DA:62,1
DA:64,1
DA:65,1
DA:66,1
DA:67,5
DA:68,1
DA:77,1
DA:78,1
DA:79,1
DA:80,5
DA:87,1
DA:88,1
DA:89,1
DA:90,5
DA:97,1
DA:98,1
DA:99,1
DA:100,5
DA:111,1
DA:113,1
DA:114,1
DA:117,1
DA:119,1
DA:120,1
DA:121,1
DA:122,5
DA:129,1
DA:130,1
DA:131,1
DA:132,0
DA:133,0
DA:134,0
DA:136,0
DA:137,0
DA:138,0
DA:139,0
DA:150,1
DA:152,1
DA:154,1
DA:156,1
DA:157,1
DA:158,1
DA:159,1
DA:160,2
DA:162,4
DA:163,0
DA:164,0
DA:166,1
LF:72
LH:63
end_of_record
SF:lib\Screen\Reservations\reservation_add_locker_tablet.dart
DA:13,1
DA:14,1
DA:16,1
DA:17,1
DA:57,0
DA:59,0
DA:60,0
DA:61,0
DA:108,1
DA:109,2
DA:110,1
DA:112,3
DA:116,1
DA:117,1
DA:118,5
DA:119,5
DA:120,5
DA:122,1
DA:124,1
DA:125,1
DA:127,1
DA:131,1
DA:133,1
DA:134,1
DA:136,1
DA:137,0
DA:138,0
DA:139,0
DA:140,0
DA:141,0
DA:142,0
DA:143,0
DA:144,0
DA:145,0
DA:146,0
DA:151,0
DA:152,0
DA:166,0
DA:167,0
DA:168,0
DA:169,0
DA:170,0
DA:171,0
DA:172,0
DA:173,0
DA:177,1
DA:178,1
DA:179,3
DA:180,1
DA:183,1
DA:186,1
DA:187,5
DA:189,1
DA:191,1
DA:193,1
DA:194,2
DA:195,0
DA:196,0
DA:197,0
DA:198,0
DA:199,0
DA:200,0
DA:201,0
DA:202,0
DA:206,1
DA:209,1
DA:219,1
DA:220,3
DA:222,5
DA:223,1
DA:224,1
DA:225,5
DA:226,5
DA:227,5
DA:228,5
DA:229,1
DA:231,1
DA:232,1
DA:234,1
DA:238,6
DA:239,2
DA:240,1
DA:241,0
DA:242,0
DA:243,0
DA:244,0
DA:245,0
DA:246,0
DA:247,0
DA:249,0
DA:250,0
DA:251,0
DA:252,0
DA:254,0
DA:256,0
DA:264,1
DA:266,1
DA:268,2
DA:270,1
DA:272,1
DA:275,1
DA:276,1
DA:277,1
DA:278,2
DA:279,1
DA:280,1
DA:281,1
DA:282,1
DA:283,1
DA:284,1
DA:286,1
DA:287,1
DA:288,0
DA:289,0
DA:291,1
DA:293,1
DA:301,0
DA:302,0
DA:303,0
DA:304,0
DA:305,0
DA:306,0
DA:308,0
DA:309,0
DA:310,0
DA:312,0
DA:313,0
DA:314,0
DA:316,0
DA:318,0
DA:321,0
DA:322,0
DA:324,0
DA:325,0
DA:327,0
DA:328,0
DA:329,0
DA:330,0
DA:331,0
DA:332,0
DA:333,0
DA:337,0
DA:339,0
DA:341,0
DA:350,1
DA:352,1
DA:354,2
DA:356,1
DA:358,1
DA:366,1
DA:367,2
DA:368,0
DA:370,0
DA:372,1
DA:374,1
DA:375,1
DA:376,0
DA:377,0
DA:378,0
DA:379,0
DA:380,0
DA:381,0
DA:384,0
DA:388,1
DA:391,1
DA:392,1
DA:393,5
DA:394,5
DA:395,5
DA:396,5
DA:397,1
DA:399,1
DA:400,1
DA:402,1
DA:406,6
DA:407,2
DA:408,1
DA:409,0
DA:410,0
DA:411,0
DA:412,0
DA:413,0
DA:414,0
DA:416,0
DA:418,0
DA:419,0
DA:420,0
DA:421,0
DA:423,0
DA:425,0
DA:433,1
DA:435,1
DA:437,2
DA:439,1
DA:441,1
DA:444,0
DA:446,0
DA:447,0
DA:448,0
DA:449,0
DA:450,0
DA:451,0
DA:452,0
DA:453,0
DA:455,0
DA:456,0
DA:457,0
DA:458,0
DA:460,0
DA:462,0
DA:470,0
DA:472,0
DA:474,0
DA:476,0
DA:477,0
DA:478,0
DA:479,0
DA:480,0
DA:482,0
DA:492,1
DA:493,2
DA:494,1
DA:496,3
DA:500,1
DA:501,1
DA:502,5
DA:503,5
DA:504,5
DA:506,1
DA:508,1
DA:509,1
DA:510,1
DA:512,1
DA:517,1
DA:518,5
DA:520,1
DA:521,1
DA:522,1
DA:523,1
DA:524,2
DA:525,1
DA:526,6
DA:527,1
DA:528,2
DA:529,1
DA:533,1
DA:534,5
DA:535,1
DA:542,1
DA:545,1
DA:547,2
DA:548,2
DA:549,2
DA:550,1
DA:557,1
DA:558,3
DA:560,1
DA:561,1
DA:562,5
DA:563,5
DA:564,5
DA:566,1
DA:568,1
DA:569,1
DA:571,1
DA:575,1
DA:577,1
DA:578,0
DA:580,1
DA:581,1
DA:583,1
DA:585,1
DA:593,1
DA:595,4
DA:596,3
DA:597,4
DA:598,1
DA:599,1
DA:600,1
DA:601,1
DA:611,1
DA:612,1
DA:613,1
DA:614,1
DA:615,1
DA:616,1
DA:617,1
DA:618,1
DA:620,1
DA:622,1
DA:623,1
DA:624,1
DA:626,1
DA:627,1
DA:632,1
DA:635,1
DA:636,1
DA:638,1
DA:639,1
DA:640,1
DA:642,1
DA:645,1
DA:647,1
DA:649,1
DA:650,1
DA:652,1
DA:653,0
DA:663,0
DA:665,0
DA:666,0
DA:675,0
DA:676,0
DA:678,0
DA:679,0
DA:682,0
DA:683,0
DA:684,0
DA:685,0
DA:686,0
DA:688,0
DA:689,0
DA:691,0
DA:692,0
DA:693,0
DA:694,0
DA:695,0
DA:696,0
DA:699,0
DA:703,0
DA:704,0
DA:705,0
DA:706,0
DA:707,0
DA:709,0
DA:711,0
DA:712,0
DA:714,0
DA:716,0
DA:718,0
DA:721,0
DA:726,0
DA:727,0
DA:728,0
DA:732,0
DA:734,2
DA:735,1
DA:738,1
DA:743,1
DA:744,1
DA:749,1
DA:751,1
DA:752,1
DA:755,1
DA:757,1
DA:758,1
DA:759,1
DA:771,1
DA:772,1
DA:773,1
DA:774,1
DA:775,1
DA:776,1
DA:780,1
DA:787,1
DA:789,1
DA:790,1
DA:791,1
DA:792,4
DA:793,4
DA:794,4
DA:795,4
DA:796,1
DA:797,1
DA:798,1
DA:799,1
DA:800,1
DA:803,1
DA:806,4
DA:807,4
DA:809,1
DA:810,1
DA:811,1
DA:812,1
DA:813,4
DA:814,4
DA:815,4
DA:816,4
DA:817,1
DA:818,1
DA:819,1
DA:822,1
DA:823,1
DA:824,1
DA:827,1
DA:828,2
DA:829,1
DA:834,1
DA:837,1
DA:838,1
DA:839,1
DA:842,2
DA:843,1
LF:402
LH:242
end_of_record
SF:lib\Services\database_service.dart
DA:4,0
DA:5,0
DA:6,0
DA:7,0
DA:8,0
DA:9,0
DA:12,0
DA:14,0
DA:15,0
DA:16,0
DA:17,0
DA:21,0
DA:22,0
DA:24,0
DA:25,0
DA:26,0
DA:27,0
DA:28,0
DA:29,0
DA:30,0
DA:31,0
DA:32,0
DA:34,0
DA:35,0
DA:37,0
DA:41,0
DA:42,0
DA:43,0
DA:44,0
DA:45,0
DA:46,0
DA:47,0
DA:48,0
DA:50,0
DA:51,0
DA:53,0
DA:79,0
DA:84,0
DA:85,0
DA:86,0
DA:87,0
DA:88,0
DA:89,0
DA:91,0
DA:92,0
DA:93,0
DA:97,0
DA:99,0
DA:101,0
DA:103,0
DA:104,0
LF:51
LH:0
end_of_record
SF:lib\Utils\bookingLockerWrapper_horizontalView.dart
DA:12,0
DA:14,0
DA:16,0
DA:17,0
DA:18,0
DA:19,0
DA:20,0
DA:21,0
DA:22,0
DA:24,0
DA:25,0
LF:11
LH:0
end_of_record
SF:lib\Utils\constants.dart
DA:2,0
LF:1
LH:0
end_of_record
SF:lib\Utils\image_view.dart
DA:4,0
DA:7,0
DA:9,0
DA:10,0
DA:11,0
DA:14,0
DA:16,0
DA:17,0
DA:19,0
DA:20,0
LF:10
LH:0
end_of_record
SF:lib\Screen\info_screen.dart
DA:12,1
DA:16,1
DA:17,1
DA:23,1
DA:24,2
DA:32,1
DA:36,2
DA:37,0
DA:40,2
DA:42,1
DA:43,1
DA:44,1
DA:57,1
DA:58,1
DA:60,1
DA:61,1
DA:64,2
DA:65,1
DA:66,1
DA:67,1
DA:68,1
DA:72,1
DA:75,1
DA:79,1
DA:80,1
DA:82,1
DA:89,1
DA:92,1
DA:93,1
DA:97,1
DA:100,1
DA:101,1
DA:105,1
DA:106,1
DA:107,1
DA:108,1
DA:112,1
DA:115,1
DA:119,1
DA:120,1
DA:121,5
DA:122,1
DA:129,1
DA:132,1
DA:133,3
DA:134,1
DA:139,1
DA:141,1
DA:142,1
DA:143,1
DA:145,1
DA:146,1
DA:148,1
DA:153,1
DA:155,1
DA:158,1
DA:160,1
DA:161,1
DA:162,1
DA:163,2
DA:165,1
DA:167,1
DA:168,0
DA:170,1
DA:171,1
DA:178,1
DA:182,1
DA:183,0
DA:184,0
DA:186,0
DA:187,0
DA:188,0
DA:190,0
DA:192,0
DA:193,0
DA:196,0
DA:201,0
DA:202,0
DA:203,0
DA:204,0
DA:205,0
DA:206,0
DA:207,0
DA:208,0
DA:209,0
DA:211,0
DA:212,0
DA:213,0
DA:216,0
DA:217,0
DA:219,0
DA:222,0
DA:229,1
DA:231,1
DA:233,1
DA:234,1
DA:235,1
DA:236,1
DA:237,1
DA:238,2
DA:239,1
DA:247,1
DA:248,0
DA:250,0
DA:253,1
DA:254,1
LF:106
LH:77
end_of_record
SF:lib\Screen\Reservations\reservation_add experimental.dart
DA:8,2
DA:12,1
DA:13,1
DA:51,0
DA:52,0
DA:53,0
DA:54,0
DA:58,1
DA:59,1
DA:60,2
DA:61,3
DA:63,1
DA:66,0
DA:84,1
DA:87,1
DA:88,2
DA:90,1
DA:92,3
DA:93,1
DA:94,1
DA:95,2
DA:97,1
DA:99,2
DA:117,1
DA:118,2
DA:119,1
DA:121,3
DA:125,1
DA:126,1
DA:127,1
DA:129,1
DA:130,1
DA:132,1
DA:136,1
DA:138,1
DA:139,1
DA:141,1
DA:142,1
DA:143,1
DA:144,1
DA:145,1
DA:146,1
DA:147,1
DA:148,1
DA:149,1
DA:150,2
DA:151,1
DA:156,1
DA:157,1
DA:171,2
DA:172,4
DA:173,3
DA:174,1
DA:175,5
DA:176,1
DA:177,1
DA:178,2
DA:182,1
DA:183,1
DA:184,3
DA:185,1
DA:188,1
DA:191,1
DA:194,1
DA:196,1
DA:198,2
DA:199,1
DA:200,2
DA:201,6
DA:202,2
DA:203,2
DA:204,1
DA:205,1
DA:206,2
DA:211,1
DA:212,5
DA:222,1
DA:224,5
DA:225,1
DA:226,1
DA:227,1
DA:229,1
DA:230,1
DA:232,1
DA:236,4
DA:237,1
DA:238,1
DA:239,1
DA:240,1
DA:241,1
DA:242,1
DA:243,1
DA:244,1
DA:246,1
DA:247,1
DA:248,0
DA:249,0
DA:251,1
DA:258,1
DA:260,1
DA:262,2
DA:264,1
DA:266,1
DA:267,1
DA:268,1
DA:269,2
DA:270,1
DA:271,1
DA:272,1
DA:273,1
DA:274,1
DA:275,1
DA:277,1
DA:278,1
DA:279,0
DA:280,0
DA:282,1
DA:289,1
DA:290,1
DA:291,1
DA:292,1
DA:293,1
DA:294,1
DA:296,1
DA:297,1
DA:298,0
DA:300,0
DA:301,0
DA:302,0
DA:303,0
DA:304,0
DA:306,0
DA:309,0
DA:310,0
DA:312,0
DA:313,0
DA:315,0
DA:316,0
DA:317,0
DA:318,0
DA:319,0
DA:320,0
DA:321,0
DA:325,0
DA:327,1
DA:335,1
DA:337,1
DA:339,2
DA:341,1
DA:348,1
DA:349,2
DA:350,0
DA:352,0
DA:354,1
DA:356,1
DA:357,1
DA:358,0
DA:359,0
DA:360,0
DA:361,0
DA:362,0
DA:363,0
DA:366,0
DA:372,1
DA:375,1
DA:376,1
DA:377,1
DA:379,1
DA:380,1
DA:382,1
DA:386,2
DA:387,1
DA:388,0
DA:389,0
DA:390,0
DA:391,0
DA:392,0
DA:393,0
DA:395,0
DA:397,0
DA:398,0
DA:399,0
DA:400,0
DA:402,0
DA:409,1
DA:411,1
DA:413,2
DA:415,1
DA:417,0
DA:419,0
DA:420,0
DA:421,0
DA:422,0
DA:423,0
DA:424,0
DA:425,0
DA:426,0
DA:428,0
DA:429,0
DA:430,0
DA:431,0
DA:433,0
DA:440,0
DA:442,0
DA:444,0
DA:446,0
DA:447,0
DA:448,0
DA:449,0
DA:450,0
DA:459,1
DA:460,2
DA:461,1
DA:463,3
DA:467,1
DA:468,1
DA:469,1
DA:471,1
DA:472,1
DA:474,1
DA:478,1
DA:481,1
DA:482,1
DA:483,1
DA:484,2
DA:485,1
DA:486,6
DA:487,1
DA:488,2
DA:489,1
DA:493,1
DA:494,5
DA:501,1
DA:504,1
DA:506,2
DA:507,2
DA:508,2
DA:509,1
DA:517,1
DA:518,1
DA:519,1
DA:520,1
DA:522,1
DA:523,1
DA:525,1
DA:529,1
DA:531,1
DA:532,1
DA:533,1
DA:534,1
DA:535,2
DA:536,1
DA:537,1
DA:538,2
DA:539,1
DA:540,1
DA:543,1
DA:553,1
DA:555,1
DA:556,1
DA:557,1
DA:558,1
DA:568,1
DA:569,1
DA:572,1
DA:573,1
DA:574,1
DA:575,1
DA:578,1
DA:579,1
DA:581,1
DA:582,1
DA:583,3
DA:585,2
DA:589,1
DA:590,1
DA:591,1
DA:592,1
DA:594,1
DA:595,1
DA:596,1
DA:599,1
DA:605,1
DA:606,1
DA:607,1
DA:608,1
DA:609,1
DA:611,1
DA:612,1
DA:613,1
DA:614,2
DA:615,1
DA:618,1
DA:620,1
DA:621,1
DA:622,1
DA:623,2
DA:624,1
DA:630,1
DA:632,1
DA:633,1
DA:634,1
DA:636,1
DA:638,1
DA:640,1
DA:641,1
DA:642,1
DA:643,1
DA:644,0
DA:646,0
DA:648,0
DA:649,0
DA:655,0
DA:657,0
DA:658,0
DA:666,0
DA:667,0
DA:669,0
DA:670,0
DA:672,0
DA:673,0
DA:674,0
DA:675,0
DA:676,0
DA:678,0
DA:679,0
DA:680,0
DA:681,0
DA:682,0
DA:683,0
DA:684,0
DA:685,0
DA:686,0
DA:689,0
DA:692,0
DA:693,0
DA:694,0
DA:695,0
DA:696,0
DA:698,0
DA:700,0
DA:702,0
DA:703,0
DA:704,0
DA:706,0
DA:709,0
DA:713,0
DA:714,0
DA:718,0
DA:720,2
DA:721,1
DA:723,1
DA:728,1
DA:732,1
DA:734,1
DA:735,1
DA:738,1
DA:740,1
DA:741,1
DA:742,1
LF:360
LH:248
end_of_record
SF:lib\Screen\Reservations\reservation_add_locker.dart
DA:14,1
DA:15,1
DA:17,1
DA:18,1
DA:56,0
DA:58,0
DA:59,0
DA:60,0
DA:89,1
DA:90,2
DA:91,1
DA:93,3
DA:97,1
DA:98,1
DA:99,1
DA:101,1
DA:102,1
DA:104,1
DA:108,1
DA:110,1
DA:111,1
DA:113,1
DA:114,1
DA:115,1
DA:116,1
DA:117,1
DA:118,1
DA:119,1
DA:120,1
DA:121,1
DA:122,2
DA:123,1
DA:128,1
DA:129,1
DA:143,2
DA:144,4
DA:145,3
DA:146,1
DA:147,5
DA:148,1
DA:149,1
DA:150,2
DA:154,1
DA:155,1
DA:156,3
DA:157,1
DA:160,1
DA:163,1
DA:166,1
DA:168,1
DA:170,1
DA:171,2
DA:172,1
DA:173,2
DA:174,6
DA:175,2
DA:176,2
DA:177,1
DA:178,1
DA:179,2
DA:183,5
DA:184,1
DA:195,1
DA:196,3
DA:198,5
DA:199,1
DA:200,1
DA:201,1
DA:203,1
DA:204,1
DA:206,1
DA:210,2
DA:211,1
DA:212,1
DA:213,1
DA:214,1
DA:215,1
DA:216,1
DA:217,1
DA:218,1
DA:220,1
DA:221,1
DA:222,0
DA:223,0
DA:225,1
DA:232,1
DA:234,1
DA:236,2
DA:238,1
DA:240,1
DA:241,1
DA:242,1
DA:243,2
DA:244,1
DA:245,1
DA:246,1
DA:247,1
DA:248,1
DA:249,1
DA:251,1
DA:252,1
DA:253,0
DA:254,0
DA:256,1
DA:258,1
DA:266,1
DA:267,1
DA:268,1
DA:269,1
DA:270,1
DA:271,1
DA:273,1
DA:274,1
DA:275,0
DA:277,0
DA:278,0
DA:279,0
DA:281,0
DA:283,0
DA:286,0
DA:287,0
DA:289,0
DA:290,0
DA:292,0
DA:293,0
DA:294,0
DA:295,0
DA:296,0
DA:297,0
DA:298,0
DA:302,0
DA:304,1
DA:306,1
DA:315,1
DA:317,1
DA:319,2
DA:321,1
DA:328,1
DA:329,2
DA:330,0
DA:332,0
DA:334,1
DA:336,1
DA:337,1
DA:338,0
DA:339,0
DA:340,0
DA:341,0
DA:342,0
DA:343,0
DA:346,0
DA:354,1
DA:357,1
DA:358,1
DA:359,1
DA:361,1
DA:362,1
DA:364,1
DA:368,2
DA:369,1
DA:370,0
DA:371,0
DA:372,0
DA:373,0
DA:374,0
DA:375,0
DA:377,0
DA:379,0
DA:380,0
DA:381,0
DA:382,0
DA:384,0
DA:386,0
DA:394,1
DA:396,1
DA:398,2
DA:400,1
DA:402,0
DA:404,0
DA:405,0
DA:406,0
DA:407,0
DA:408,0
DA:409,0
DA:410,0
DA:411,0
DA:413,0
DA:414,0
DA:415,0
DA:416,0
DA:418,0
DA:420,0
DA:428,0
DA:430,0
DA:432,0
DA:434,0
DA:435,0
DA:436,0
DA:437,0
DA:438,0
DA:447,1
DA:448,2
DA:449,1
DA:451,3
DA:455,1
DA:456,1
DA:457,1
DA:459,1
DA:460,1
DA:462,1
DA:466,1
DA:469,1
DA:470,1
DA:471,1
DA:472,1
DA:473,2
DA:474,1
DA:475,6
DA:476,1
DA:477,2
DA:478,1
DA:482,5
DA:483,1
DA:484,1
DA:491,1
DA:494,1
DA:496,2
DA:497,2
DA:498,2
DA:499,1
DA:506,1
DA:507,3
DA:508,1
DA:509,1
DA:510,1
DA:512,1
DA:513,1
DA:515,1
DA:519,1
DA:521,1
DA:522,0
DA:524,1
DA:525,1
DA:527,1
DA:529,1
DA:537,1
DA:539,4
DA:541,3
DA:542,4
DA:543,1
DA:544,1
DA:545,1
DA:546,1
DA:556,1
DA:557,1
DA:560,1
DA:561,1
DA:562,1
DA:563,1
DA:566,1
DA:567,1
DA:569,1
DA:570,1
DA:571,1
DA:572,1
DA:576,1
DA:577,1
DA:578,1
DA:579,1
DA:581,1
DA:582,1
DA:583,1
DA:586,1
DA:592,1
DA:593,1
DA:594,1
DA:595,1
DA:596,1
DA:598,1
DA:599,1
DA:600,1
DA:601,2
DA:602,1
DA:605,1
DA:607,1
DA:608,1
DA:609,1
DA:610,2
DA:611,1
DA:617,1
DA:619,1
DA:620,1
DA:621,1
DA:623,1
DA:625,1
DA:627,1
DA:628,1
DA:629,1
DA:630,1
DA:631,0
DA:649,0
DA:651,0
DA:652,0
DA:660,0
DA:661,0
DA:663,0
DA:664,0
DA:666,0
DA:667,0
DA:668,0
DA:669,0
DA:670,0
DA:672,0
DA:673,0
DA:675,0
DA:676,0
DA:677,0
DA:678,0
DA:679,0
DA:680,0
DA:683,0
DA:686,0
DA:687,0
DA:688,0
DA:689,0
DA:690,0
DA:692,0
DA:694,0
DA:696,0
DA:698,0
DA:700,0
DA:703,0
DA:707,0
DA:708,0
DA:712,0
DA:714,2
DA:715,1
DA:717,1
DA:722,1
DA:726,1
DA:728,1
DA:729,1
DA:732,1
DA:734,1
DA:735,1
DA:736,1
LF:346
LH:238
end_of_record
SF:lib\Screen\Reservations\reservation_add_tablet.dart
DA:11,0
DA:15,0
DA:16,0
DA:55,0
DA:56,0
DA:57,0
DA:58,0
DA:62,0
DA:63,0
DA:64,0
DA:75,0
DA:76,0
DA:77,0
DA:78,0
DA:79,0
DA:80,0
DA:81,0
DA:82,0
DA:83,0
DA:84,0
DA:107,0
DA:108,0
DA:109,0
DA:111,0
DA:115,0
DA:116,0
DA:117,0
DA:118,0
DA:119,0
DA:121,0
DA:123,0
DA:124,0
DA:126,0
DA:130,0
DA:132,0
DA:133,0
DA:135,0
DA:136,0
DA:137,0
DA:138,0
DA:139,0
DA:140,0
DA:141,0
DA:142,0
DA:143,0
DA:144,0
DA:145,0
DA:150,0
DA:151,0
DA:165,0
DA:166,0
DA:167,0
DA:168,0
DA:169,0
DA:170,0
DA:171,0
DA:175,0
DA:176,0
DA:177,0
DA:178,0
DA:181,0
DA:184,0
DA:185,0
DA:187,0
DA:189,0
DA:191,0
DA:192,0
DA:193,0
DA:194,0
DA:195,0
DA:196,0
DA:197,0
DA:198,0
DA:199,0
DA:203,0
DA:205,0
DA:206,0
DA:216,0
DA:218,0
DA:219,0
DA:220,0
DA:221,0
DA:222,0
DA:223,0
DA:224,0
DA:225,0
DA:227,0
DA:228,0
DA:230,0
DA:234,0
DA:235,0
DA:236,0
DA:237,0
DA:238,0
DA:239,0
DA:240,0
DA:241,0
DA:242,0
DA:243,0
DA:245,0
DA:246,0
DA:247,0
DA:248,0
DA:250,0
DA:252,0
DA:260,0
DA:262,0
DA:264,0
DA:266,0
DA:268,0
DA:271,0
DA:272,0
DA:273,0
DA:274,0
DA:275,0
DA:276,0
DA:277,0
DA:278,0
DA:279,0
DA:280,0
DA:282,0
DA:283,0
DA:284,0
DA:285,0
DA:287,0
DA:289,0
DA:297,0
DA:298,0
DA:299,0
DA:300,0
DA:301,0
DA:302,0
DA:304,0
DA:305,0
DA:306,0
DA:308,0
DA:309,0
DA:310,0
DA:311,0
DA:312,0
DA:314,0
DA:317,0
DA:318,0
DA:320,0
DA:321,0
DA:323,0
DA:324,0
DA:325,0
DA:326,0
DA:327,0
DA:328,0
DA:329,0
DA:333,0
DA:335,0
DA:337,0
DA:346,0
DA:348,0
DA:350,0
DA:352,0
DA:354,0
DA:362,0
DA:363,0
DA:364,0
DA:366,0
DA:368,0
DA:370,0
DA:371,0
DA:372,0
DA:373,0
DA:374,0
DA:375,0
DA:376,0
DA:377,0
DA:379,0
DA:383,0
DA:386,0
DA:387,0
DA:388,0
DA:389,0
DA:390,0
DA:391,0
DA:392,0
DA:394,0
DA:395,0
DA:397,0
DA:401,0
DA:402,0
DA:403,0
DA:404,0
DA:405,0
DA:406,0
DA:407,0
DA:408,0
DA:409,0
DA:411,0
DA:413,0
DA:414,0
DA:415,0
DA:416,0
DA:418,0
DA:420,0
DA:428,0
DA:430,0
DA:432,0
DA:434,0
DA:436,0
DA:439,0
DA:441,0
DA:442,0
DA:443,0
DA:444,0
DA:445,0
DA:446,0
DA:447,0
DA:448,0
DA:450,0
DA:451,0
DA:452,0
DA:453,0
DA:455,0
DA:457,0
DA:465,0
DA:467,0
DA:468,0
DA:469,0
DA:471,0
DA:472,0
DA:473,0
DA:474,0
DA:475,0
DA:477,0
DA:487,0
DA:488,0
DA:489,0
DA:491,0
DA:495,0
DA:496,0
DA:497,0
DA:498,0
DA:499,0
DA:501,0
DA:503,0
DA:504,0
DA:505,0
DA:507,0
DA:512,0
DA:513,0
DA:515,0
DA:516,0
DA:517,0
DA:518,0
DA:519,0
DA:520,0
DA:521,0
DA:522,0
DA:523,0
DA:527,0
DA:528,0
DA:529,0
DA:536,0
DA:539,0
DA:541,0
DA:542,0
DA:543,0
DA:544,0
DA:552,0
DA:553,0
DA:554,0
DA:555,0
DA:556,0
DA:557,0
DA:559,0
DA:561,0
DA:562,0
DA:564,0
DA:568,0
DA:570,0
DA:571,0
DA:572,0
DA:573,0
DA:574,0
DA:575,0
DA:576,0
DA:577,0
DA:578,0
DA:579,0
DA:582,0
DA:584,0
DA:585,0
DA:594,0
DA:596,0
DA:597,0
DA:598,0
DA:599,0
DA:609,0
DA:610,0
DA:611,0
DA:612,0
DA:613,0
DA:614,0
DA:615,0
DA:616,0
DA:617,0
DA:619,0
DA:620,0
DA:621,0
DA:623,0
DA:624,0
DA:629,0
DA:632,0
DA:633,0
DA:635,0
DA:636,0
DA:637,0
DA:639,0
DA:642,0
DA:644,0
DA:646,0
DA:648,0
DA:649,0
DA:651,0
DA:653,0
DA:655,0
DA:656,0
DA:657,0
DA:663,0
DA:665,0
DA:666,0
DA:667,0
DA:676,0
DA:677,0
DA:679,0
DA:680,0
DA:683,0
DA:684,0
DA:685,0
DA:686,0
DA:687,0
DA:689,0
DA:690,0
DA:691,0
DA:692,0
DA:693,0
DA:694,0
DA:695,0
DA:696,0
DA:697,0
DA:700,0
DA:704,0
DA:705,0
DA:706,0
DA:707,0
DA:708,0
DA:710,0
DA:712,0
DA:713,0
DA:715,0
DA:716,0
DA:717,0
DA:719,0
DA:722,0
DA:727,0
DA:728,0
DA:729,0
DA:733,0
DA:735,0
DA:736,0
DA:738,0
DA:744,0
DA:745,0
DA:750,0
DA:752,0
DA:753,0
DA:756,0
DA:758,0
DA:759,0
DA:760,0
DA:771,0
DA:772,0
DA:773,0
DA:774,0
DA:775,0
DA:776,0
DA:780,0
DA:787,0
DA:788,0
DA:790,0
DA:791,0
DA:792,0
DA:793,0
DA:795,0
DA:796,0
DA:797,0
DA:798,0
DA:800,0
DA:801,0
DA:802,0
DA:805,0
DA:808,0
DA:811,0
DA:812,0
DA:814,0
DA:815,0
DA:816,0
DA:817,0
DA:818,0
DA:819,0
DA:820,0
DA:821,0
DA:822,0
DA:823,0
DA:824,0
DA:827,0
DA:828,0
DA:829,0
DA:832,0
DA:833,0
DA:834,0
DA:840,0
DA:843,0
DA:844,0
DA:845,0
DA:848,0
DA:849,0
LF:424
LH:0
end_of_record
SF:lib\Services\functions.dart
DA:1,1
DA:2,1
DA:6,1
DA:8,0
DA:10,0
DA:12,0
DA:14,0
DA:16,0
LF:8
LH:3
end_of_record
SF:lib\Screen\Reservations\reservation_add_tablet experimental.dart
DA:10,1
DA:11,1
DA:15,1
DA:16,1
DA:56,0
DA:57,0
DA:58,0
DA:59,0
DA:63,0
DA:64,0
DA:65,0
DA:66,0
DA:68,0
DA:71,0
DA:97,1
DA:100,1
DA:101,2
DA:103,1
DA:105,3
DA:106,1
DA:107,1
DA:108,2
DA:110,1
DA:112,2
DA:136,1
DA:137,2
DA:138,1
DA:140,3
DA:144,1
DA:145,1
DA:146,5
DA:147,5
DA:148,5
DA:150,1
DA:152,1
DA:153,1
DA:155,1
DA:159,1
DA:161,1
DA:162,1
DA:164,1
DA:165,0
DA:166,0
DA:167,0
DA:168,0
DA:169,0
DA:170,0
DA:171,0
DA:172,0
DA:173,0
DA:174,0
DA:179,0
DA:180,0
DA:194,0
DA:195,0
DA:196,0
DA:197,0
DA:198,0
DA:199,0
DA:200,0
DA:201,0
DA:205,1
DA:206,1
DA:207,3
DA:208,1
DA:211,1
DA:214,1
DA:215,5
DA:217,1
DA:219,1
DA:221,1
DA:222,2
DA:223,0
DA:224,0
DA:225,0
DA:226,0
DA:227,0
DA:228,0
DA:229,0
DA:230,0
DA:234,1
DA:236,5
DA:237,1
DA:247,1
DA:249,5
DA:250,1
DA:251,1
DA:252,5
DA:253,5
DA:254,5
DA:255,5
DA:256,1
DA:258,1
DA:259,1
DA:261,1
DA:265,6
DA:266,2
DA:267,1
DA:268,1
DA:269,1
DA:270,1
DA:271,1
DA:272,1
DA:273,1
DA:274,1
DA:276,1
DA:277,1
DA:278,0
DA:279,0
DA:281,1
DA:283,1
DA:291,1
DA:293,1
DA:295,2
DA:297,1
DA:299,1
DA:302,0
DA:303,0
DA:304,0
DA:305,0
DA:306,0
DA:307,0
DA:308,0
DA:309,0
DA:310,0
DA:311,0
DA:313,0
DA:314,0
DA:315,0
DA:316,0
DA:318,0
DA:320,0
DA:328,0
DA:329,0
DA:330,0
DA:331,0
DA:332,0
DA:333,0
DA:335,0
DA:336,0
DA:337,0
DA:339,0
DA:340,0
DA:341,0
DA:342,0
DA:343,0
DA:345,0
DA:348,0
DA:349,0
DA:351,0
DA:352,0
DA:354,0
DA:355,0
DA:356,0
DA:357,0
DA:358,0
DA:359,0
DA:360,0
DA:364,0
DA:366,0
DA:368,0
DA:377,0
DA:379,0
DA:381,0
DA:383,0
DA:385,0
DA:393,1
DA:394,2
DA:395,0
DA:397,0
DA:399,1
DA:401,1
DA:402,1
DA:403,0
DA:404,0
DA:405,0
DA:406,0
DA:407,0
DA:408,0
DA:410,0
DA:414,1
DA:417,1
DA:418,1
DA:419,5
DA:420,5
DA:421,5
DA:422,5
DA:423,1
DA:425,1
DA:426,1
DA:428,1
DA:432,6
DA:433,2
DA:434,1
DA:435,0
DA:436,0
DA:437,0
DA:438,0
DA:439,0
DA:440,0
DA:442,0
DA:444,0
DA:445,0
DA:446,0
DA:447,0
DA:449,0
DA:451,0
DA:459,1
DA:461,1
DA:463,2
DA:465,1
DA:467,1
DA:470,0
DA:472,0
DA:473,0
DA:474,0
DA:475,0
DA:476,0
DA:477,0
DA:478,0
DA:479,0
DA:481,0
DA:482,0
DA:483,0
DA:484,0
DA:486,0
DA:488,0
DA:496,0
DA:498,0
DA:499,0
DA:500,0
DA:502,0
DA:503,0
DA:504,0
DA:505,0
DA:506,0
DA:508,0
DA:518,1
DA:519,2
DA:520,1
DA:522,3
DA:526,1
DA:527,1
DA:528,5
DA:529,5
DA:530,5
DA:532,1
DA:534,1
DA:535,1
DA:536,1
DA:538,1
DA:543,1
DA:544,5
DA:546,1
DA:547,1
DA:548,1
DA:549,0
DA:550,0
DA:551,0
DA:552,0
DA:553,0
DA:554,0
DA:555,0
DA:559,1
DA:560,5
DA:561,1
DA:568,1
DA:571,1
DA:573,1
DA:574,0
DA:575,0
DA:576,0
DA:584,1
DA:585,1
DA:586,1
DA:587,5
DA:588,5
DA:589,5
DA:591,1
DA:593,1
DA:594,1
DA:596,1
DA:600,1
DA:602,1
DA:603,1
DA:604,1
DA:605,1
DA:606,0
DA:607,0
DA:608,0
DA:609,0
DA:610,0
DA:611,0
DA:612,0
DA:615,1
DA:617,1
DA:618,1
DA:627,1
DA:629,1
DA:630,1
DA:631,1
DA:632,1
DA:642,1
DA:643,1
DA:644,1
DA:645,1
DA:646,1
DA:647,1
DA:648,1
DA:649,1
DA:650,1
DA:652,1
DA:653,1
DA:654,1
DA:656,1
DA:657,1
DA:662,1
DA:665,1
DA:666,1
DA:668,1
DA:669,1
DA:670,1
DA:672,1
DA:675,1
DA:677,1
DA:679,1
DA:681,1
DA:682,1
DA:684,0
DA:686,0
DA:688,0
DA:689,0
DA:690,0
DA:696,0
DA:698,0
DA:699,0
DA:700,0
DA:709,0
DA:710,0
DA:712,0
DA:713,0
DA:716,0
DA:717,0
DA:718,0
DA:719,0
DA:720,0
DA:722,0
DA:723,0
DA:724,0
DA:725,0
DA:726,0
DA:727,0
DA:728,0
DA:729,0
DA:730,0
DA:733,0
DA:737,0
DA:738,0
DA:739,0
DA:740,0
DA:741,0
DA:743,0
DA:745,0
DA:746,0
DA:748,0
DA:749,0
DA:750,0
DA:752,0
DA:755,0
DA:760,0
DA:761,0
DA:762,0
DA:766,0
DA:768,2
DA:769,1
DA:771,1
DA:777,1
DA:778,1
DA:783,1
DA:785,1
DA:786,1
DA:789,1
DA:791,1
DA:792,1
DA:793,1
DA:804,1
DA:805,1
DA:806,1
DA:807,1
DA:808,1
DA:809,1
DA:813,1
DA:820,1
DA:822,1
DA:823,1
DA:824,1
DA:825,4
DA:826,4
DA:827,4
DA:828,4
DA:829,1
DA:831,1
DA:832,1
DA:833,3
DA:836,0
DA:839,1
DA:842,4
DA:843,4
DA:845,1
DA:846,1
DA:847,1
DA:848,1
DA:849,4
DA:850,4
DA:851,4
DA:852,4
DA:853,1
DA:854,1
DA:855,1
DA:858,1
DA:859,1
DA:860,1
DA:863,1
DA:864,2
DA:865,1
DA:871,1
DA:874,1
DA:875,1
DA:876,1
DA:879,2
DA:880,1
LF:431
LH:231
end_of_record
SF:lib\Screen\Reservations\reservation_add.dart
DA:9,2
DA:13,1
DA:14,1
DA:51,0
DA:52,0
DA:53,0
DA:54,0
DA:58,1
DA:59,3
DA:60,2
DA:81,1
DA:82,1
DA:83,1
DA:84,1
DA:85,2
DA:86,2
DA:87,2
DA:88,2
DA:89,2
DA:90,2
DA:96,1
DA:97,2
DA:98,1
DA:100,3
DA:104,1
DA:105,1
DA:106,1
DA:108,1
DA:109,1
DA:111,1
DA:115,1
DA:117,1
DA:118,1
DA:120,1
DA:121,0
DA:122,0
DA:123,0
DA:124,0
DA:125,0
DA:126,0
DA:127,0
DA:128,0
DA:129,0
DA:130,0
DA:135,0
DA:136,0
DA:150,0
DA:151,0
DA:152,0
DA:153,0
DA:154,0
DA:155,0
DA:156,0
DA:160,1
DA:161,1
DA:162,3
DA:163,1
DA:166,1
DA:169,1
DA:172,1
DA:174,1
DA:176,2
DA:177,0
DA:178,0
DA:179,0
DA:180,0
DA:181,0
DA:182,0
DA:183,0
DA:188,1
DA:189,5
DA:199,1
DA:201,5
DA:202,1
DA:203,1
DA:204,1
DA:206,1
DA:207,1
DA:209,1
DA:213,4
DA:214,1
DA:215,0
DA:216,0
DA:217,0
DA:218,0
DA:219,0
DA:220,0
DA:221,0
DA:223,0
DA:224,0
DA:225,0
DA:226,0
DA:228,0
DA:235,1
DA:237,1
DA:239,2
DA:241,1
DA:243,1
DA:244,1
DA:245,1
DA:246,2
DA:247,1
DA:248,1
DA:249,1
DA:250,1
DA:251,1
DA:252,1
DA:254,1
DA:255,1
DA:256,0
DA:257,0
DA:259,1
DA:266,0
DA:267,0
DA:268,0
DA:269,0
DA:270,0
DA:271,0
DA:273,0
DA:274,0
DA:275,0
DA:277,0
DA:278,0
DA:279,0
DA:280,0
DA:281,0
DA:283,0
DA:286,0
DA:287,0
DA:289,0
DA:290,0
DA:292,0
DA:293,0
DA:294,0
DA:295,0
DA:296,0
DA:297,0
DA:298,0
DA:302,0
DA:304,0
DA:312,1
DA:314,1
DA:316,2
DA:318,1
DA:325,1
DA:326,2
DA:327,0
DA:329,0
DA:331,1
DA:333,1
DA:334,1
DA:335,0
DA:336,0
DA:337,0
DA:338,0
DA:339,0
DA:340,0
DA:343,0
DA:349,1
DA:352,1
DA:353,1
DA:354,1
DA:356,1
DA:357,1
DA:359,1
DA:363,2
DA:364,1
DA:365,0
DA:366,0
DA:367,0
DA:368,0
DA:369,0
DA:370,0
DA:372,0
DA:374,0
DA:375,0
DA:376,0
DA:377,0
DA:379,0
DA:386,1
DA:388,1
DA:390,2
DA:392,1
DA:394,0
DA:396,0
DA:397,0
DA:398,0
DA:399,0
DA:400,0
DA:401,0
DA:402,0
DA:403,0
DA:405,0
DA:406,0
DA:407,0
DA:408,0
DA:410,0
DA:417,0
DA:419,0
DA:421,0
DA:423,0
DA:424,0
DA:425,0
DA:426,0
DA:427,0
DA:436,1
DA:437,2
DA:438,1
DA:440,3
DA:444,1
DA:445,1
DA:446,1
DA:448,1
DA:449,1
DA:451,1
DA:455,1
DA:458,1
DA:459,1
DA:460,1
DA:461,2
DA:462,1
DA:463,6
DA:464,1
DA:465,2
DA:469,1
DA:470,5
DA:477,1
DA:480,1
DA:482,2
DA:483,2
DA:484,2
DA:485,1
DA:493,1
DA:494,1
DA:495,1
DA:496,1
DA:498,1
DA:499,1
DA:501,1
DA:505,1
DA:507,1
DA:508,1
DA:509,1
DA:510,1
DA:511,2
DA:512,1
DA:513,1
DA:514,2
DA:515,1
DA:518,1
DA:528,1
DA:530,1
DA:531,1
DA:532,1
DA:533,1
DA:543,1
DA:544,1
DA:547,1
DA:548,1
DA:549,1
DA:550,1
DA:553,1
DA:554,1
DA:556,1
DA:557,1
DA:558,3
DA:560,2
DA:564,1
DA:565,1
DA:566,1
DA:567,1
DA:569,1
DA:570,1
DA:571,1
DA:574,1
DA:580,1
DA:581,1
DA:582,1
DA:583,1
DA:584,1
DA:586,1
DA:587,1
DA:588,1
DA:589,2
DA:590,1
DA:593,1
DA:595,1
DA:596,1
DA:597,1
DA:598,2
DA:599,1
DA:605,1
DA:607,1
DA:608,1
DA:609,1
DA:611,1
DA:613,1
DA:615,1
DA:616,1
DA:617,1
DA:618,1
DA:619,0
DA:621,0
DA:623,0
DA:624,0
DA:630,0
DA:632,0
DA:633,0
DA:641,0
DA:642,0
DA:644,0
DA:645,0
DA:647,0
DA:648,0
DA:649,0
DA:650,0
DA:651,0
DA:653,0
DA:654,0
DA:655,0
DA:656,0
DA:657,0
DA:658,0
DA:659,0
DA:660,0
DA:661,0
DA:664,0
DA:667,0
DA:668,0
DA:669,0
DA:670,0
DA:671,0
DA:673,0
DA:675,0
DA:677,0
DA:678,0
DA:679,0
DA:681,0
DA:684,0
DA:688,0
DA:689,0
DA:693,0
DA:695,2
DA:696,1
DA:698,1
DA:703,1
DA:707,1
DA:709,1
DA:710,1
DA:713,1
DA:715,1
DA:716,1
DA:717,1
LF:353
LH:197
end_of_record
SF:lib\Screen\Reservations\reservations_history experimental.dart
DA:10,1
DA:14,1
DA:16,1
DA:20,1
DA:41,1
DA:43,1
DA:45,1
DA:46,1
DA:47,3
DA:48,1
DA:49,1
DA:50,1
DA:51,1
DA:52,1
DA:54,1
DA:55,2
DA:56,1
DA:60,1
DA:62,1
DA:63,1
DA:64,1
DA:65,3
DA:66,1
DA:72,1
DA:73,1
DA:74,1
DA:75,4
DA:76,1
DA:79,1
DA:80,1
DA:81,1
DA:82,4
DA:83,1
DA:97,1
DA:99,1
DA:100,1
DA:101,1
DA:102,1
DA:111,1
DA:113,3
DA:114,1
DA:115,1
DA:116,1
DA:118,1
DA:119,3
DA:120,1
DA:121,4
DA:122,4
DA:124,5
DA:126,5
DA:129,4
DA:130,4
DA:132,1
DA:139,0
DA:140,1
LF:55
LH:54
end_of_record
SF:lib\Screen\Reservations\reservations_list_tablet experimental.dart
DA:14,1
DA:17,1
DA:18,1
DA:35,0
DA:38,0
DA:40,0
DA:41,0
DA:42,0
DA:43,0
DA:44,0
DA:45,0
DA:48,0
DA:49,0
DA:50,0
DA:51,0
DA:52,0
DA:53,0
DA:54,0
DA:55,0
DA:56,0
DA:57,0
DA:61,0
DA:62,0
DA:66,0
DA:67,0
DA:71,0
DA:72,0
DA:77,1
DA:79,1
DA:80,1
DA:81,1
DA:82,1
DA:91,1
DA:92,1
DA:93,0
DA:94,0
DA:96,0
DA:97,0
DA:98,0
DA:101,1
DA:105,1
DA:106,1
DA:107,1
DA:108,0
DA:109,0
DA:111,0
DA:114,0
DA:115,0
DA:117,1
DA:121,1
DA:122,1
DA:125,3
DA:126,1
DA:128,2
DA:130,1
DA:131,1
DA:132,1
DA:134,1
DA:135,3
DA:136,1
DA:138,4
DA:139,4
DA:140,3
DA:141,1
DA:142,1
DA:143,3
DA:144,1
DA:145,1
DA:147,4
DA:149,4
DA:151,4
DA:153,4
DA:156,1
DA:157,2
DA:158,1
DA:160,1
DA:161,3
DA:162,1
DA:164,1
DA:166,1
DA:167,2
DA:168,1
DA:172,0
DA:173,0
DA:174,0
DA:175,0
DA:176,0
DA:177,0
DA:178,0
DA:179,0
DA:180,0
DA:181,0
DA:182,0
DA:189,1
DA:191,1
DA:193,2
DA:194,2
DA:195,1
DA:196,1
DA:199,0
DA:200,0
DA:201,0
DA:202,0
DA:203,0
DA:204,0
DA:205,0
DA:206,0
DA:207,0
DA:208,0
DA:209,0
DA:210,0
DA:211,0
LF:112
LH:54
end_of_record
SF:lib\Screen\Reservations\reservation_tile_horizontal.dart
DA:5,1
DA:31,1
DA:33,1
DA:35,1
DA:36,1
DA:37,1
DA:38,4
DA:40,4
DA:41,4
DA:42,1
DA:43,1
DA:47,1
DA:48,1
DA:49,2
DA:54,1
DA:55,1
DA:57,1
DA:59,1
DA:60,1
DA:61,1
DA:62,4
DA:63,4
DA:64,4
DA:66,1
DA:68,1
DA:69,1
DA:70,1
DA:71,4
DA:72,1
DA:76,1
DA:77,1
DA:78,4
DA:79,1
DA:86,1
DA:87,1
DA:88,1
DA:89,4
DA:90,4
DA:91,4
DA:93,1
DA:95,1
DA:96,1
DA:97,3
DA:98,1
DA:103,1
DA:104,3
DA:105,1
DA:114,1
DA:115,1
DA:116,4
DA:117,4
DA:118,4
DA:120,1
DA:121,1
DA:122,2
DA:123,1
DA:132,1
DA:133,1
DA:134,4
DA:135,4
DA:136,4
DA:138,1
DA:139,1
DA:140,2
DA:141,1
DA:144,1
DA:152,1
DA:153,1
DA:155,5
DA:156,1
DA:157,1
DA:158,1
DA:159,1
DA:161,1
DA:162,1
DA:163,1
DA:164,1
DA:165,1
DA:166,1
DA:167,1
DA:169,1
LF:81
LH:81
end_of_record
SF:lib\Screen\Reservations\reservations_history.dart
DA:12,0
DA:14,0
DA:16,0
DA:21,0
DA:48,0
DA:50,0
DA:51,0
DA:52,0
DA:54,0
DA:55,0
DA:57,0
DA:58,0
DA:60,0
DA:61,0
DA:64,0
DA:65,0
DA:67,0
DA:68,0
DA:73,0
DA:75,0
DA:76,0
DA:81,0
DA:82,0
DA:83,0
DA:94,0
DA:95,0
DA:96,0
DA:120,0
DA:142,0
DA:144,0
DA:146,0
DA:147,0
DA:148,0
DA:149,0
DA:150,0
DA:151,0
DA:152,0
DA:153,0
DA:155,0
DA:156,0
DA:157,0
DA:161,0
DA:163,0
DA:164,0
DA:165,0
DA:166,0
DA:167,0
DA:173,0
DA:174,0
DA:175,0
DA:176,0
DA:177,0
DA:180,0
DA:181,0
DA:182,0
DA:183,0
DA:184,0
DA:205,0
DA:206,0
DA:211,0
DA:212,0
DA:213,0
DA:214,0
DA:215,0
DA:217,0
DA:219,0
DA:220,0
DA:222,0
DA:223,0
DA:224,0
DA:225,0
DA:231,0
DA:233,0
DA:234,0
DA:235,0
DA:236,0
DA:237,0
DA:238,0
DA:239,0
DA:240,0
DA:241,0
DA:242,0
DA:251,0
DA:253,0
DA:254,0
DA:255,0
DA:256,0
DA:257,0
DA:258,0
DA:260,0
DA:261,0
DA:262,0
DA:264,0
DA:265,0
DA:267,0
DA:268,0
DA:269,0
DA:270,0
DA:273,0
DA:274,0
DA:275,0
DA:276,0
DA:277,0
DA:278,0
DA:279,0
DA:280,0
DA:281,0
DA:282,0
DA:283,0
DA:287,0
DA:289,0
DA:292,0
DA:300,0
DA:301,0
LF:114
LH:0
end_of_record
SF:lib\Utils\reservationAddTabletWrapper.dart
DA:8,0
DA:10,0
DA:12,0
DA:13,0
DA:14,0
DA:15,0
DA:16,0
DA:17,0
DA:19,0
LF:9
LH:0
end_of_record
SF:lib\Utils\reservationsHistoryWrapper.dart
DA:7,0
DA:9,0
DA:11,0
DA:18,0
DA:20,0
DA:21,0
DA:22,0
DA:23,0
DA:25,0
DA:26,0
DA:27,0
DA:28,0
DA:29,0
DA:30,0
DA:32,0
DA:33,0
DA:34,0
DA:37,0
LF:18
LH:0
end_of_record
SF:lib\Screen\Reservations\reservations_list_vertical experimental.dart
DA:15,1
DA:18,1
DA:19,1
DA:26,0
DA:29,0
DA:31,0
DA:32,0
DA:33,0
DA:34,0
DA:35,0
DA:36,0
DA:39,0
DA:40,0
DA:41,0
DA:42,0
DA:43,0
DA:44,0
DA:45,0
DA:46,0
DA:47,0
DA:48,0
DA:53,0
DA:54,0
DA:58,0
DA:59,0
DA:64,1
DA:66,1
DA:67,1
DA:68,1
DA:69,1
DA:78,1
DA:79,1
DA:80,0
DA:81,0
DA:83,0
DA:84,0
DA:87,1
DA:92,1
DA:93,0
DA:94,0
DA:96,0
DA:98,0
DA:99,0
DA:101,1
DA:108,3
DA:109,1
DA:111,2
DA:113,1
DA:114,3
DA:115,1
DA:116,4
DA:117,4
DA:119,5
DA:121,5
DA:123,4
DA:125,4
DA:126,4
DA:128,4
DA:131,1
DA:132,2
DA:133,1
DA:135,1
DA:136,3
DA:137,1
DA:141,1
DA:143,1
DA:144,2
DA:145,1
DA:148,1
DA:149,1
DA:158,0
LF:71
LH:39
end_of_record
SF:lib\Screen\Reservations\reservation_tile_vertical.dart
DA:5,2
DA:32,1
DA:34,1
DA:35,1
DA:36,1
DA:38,1
DA:39,1
DA:41,1
DA:42,1
DA:44,1
DA:46,1
DA:47,1
DA:52,1
DA:53,1
DA:54,2
DA:59,1
DA:61,1
DA:62,1
DA:65,1
DA:66,1
DA:68,4
DA:69,1
DA:74,1
DA:76,4
DA:77,1
DA:82,1
DA:83,2
DA:84,1
DA:89,1
DA:90,2
DA:91,1
DA:95,1
DA:96,2
DA:97,1
DA:101,1
DA:102,2
DA:103,1
DA:115,1
DA:116,1
DA:117,1
DA:119,1
DA:120,1
DA:121,1
DA:122,1
DA:124,1
DA:126,1
DA:127,1
DA:128,1
DA:129,1
DA:130,1
DA:131,1
DA:132,1
DA:134,1
LF:53
LH:53
end_of_record
SF:lib\Utils\reservationAddWrapper.dart
DA:21,0
DA:23,0
DA:25,0
DA:26,0
DA:27,0
DA:28,0
DA:29,0
DA:30,0
DA:32,0
LF:9
LH:0
end_of_record
SF:lib\Screen\User\add_profile_screen.dart
DA:8,1
DA:12,1
DA:13,1
DA:31,1
DA:33,1
DA:34,1
DA:37,1
DA:38,2
DA:39,1
DA:41,2
DA:42,2
DA:43,2
DA:44,2
DA:45,2
DA:46,1
DA:50,1
DA:51,1
DA:53,1
DA:60,1
DA:61,1
DA:63,1
DA:65,2
DA:66,1
DA:73,1
DA:74,1
DA:76,1
DA:83,1
DA:84,1
DA:86,1
DA:88,2
DA:89,1
DA:96,1
DA:97,1
DA:99,1
DA:106,1
DA:107,1
DA:109,1
DA:111,2
DA:112,1
DA:119,1
DA:120,1
DA:122,1
DA:129,1
DA:130,1
DA:132,1
DA:134,2
DA:135,1
DA:142,1
DA:144,2
DA:147,2
DA:148,2
DA:149,2
DA:150,2
DA:151,2
DA:155,1
DA:164,0
DA:166,0
DA:167,0
DA:168,0
DA:169,0
DA:170,0
DA:171,0
DA:172,0
DA:173,0
DA:175,0
DA:183,1
DA:185,1
DA:186,1
DA:187,2
DA:188,1
DA:189,1
DA:190,1
DA:191,0
DA:192,0
DA:194,2
DA:203,1
DA:205,1
DA:206,1
DA:207,1
DA:208,1
DA:217,1
DA:219,1
DA:220,1
DA:221,1
DA:222,1
DA:223,1
DA:226,1
DA:228,1
DA:229,1
DA:235,1
DA:236,4
DA:237,1
DA:238,4
DA:239,4
DA:242,0
DA:244,1
DA:245,1
DA:246,1
DA:247,1
DA:248,1
DA:249,1
DA:253,1
DA:255,1
DA:258,1
DA:259,1
DA:260,2
DA:262,4
DA:263,0
DA:264,1
DA:265,4
DA:266,0
DA:267,1
DA:269,4
DA:270,1
DA:271,0
DA:272,8
DA:273,0
DA:274,1
DA:278,1
DA:279,1
DA:280,1
DA:281,1
DA:282,1
DA:285,0
DA:287,0
DA:288,0
DA:289,0
DA:290,0
DA:292,0
DA:293,0
DA:294,0
DA:295,0
DA:296,0
DA:305,1
DA:307,1
DA:310,1
DA:312,1
DA:314,1
DA:315,1
DA:317,1
DA:318,1
DA:319,1
DA:320,1
LF:143
LH:116
end_of_record
SF:lib\Screen\User\user_profile_screen live.dart
DA:8,1
DA:11,1
DA:12,1
DA:16,1
DA:18,2
DA:19,0
DA:20,1
DA:21,1
DA:26,1
DA:27,1
DA:28,1
DA:29,1
DA:32,1
DA:34,1
DA:35,1
DA:40,1
DA:42,1
DA:46,1
DA:49,1
DA:50,1
DA:51,9
DA:52,1
DA:59,1
DA:61,1
DA:62,7
DA:63,1
DA:69,1
DA:70,4
DA:71,1
DA:72,4
DA:73,4
DA:75,0
DA:76,1
DA:77,1
DA:78,1
DA:79,1
DA:80,1
DA:81,1
DA:82,1
DA:83,1
DA:88,1
DA:91,1
DA:92,7
DA:93,1
DA:94,5
DA:95,5
DA:103,1
DA:104,4
DA:105,1
DA:106,4
DA:107,4
DA:109,0
DA:110,1
DA:111,1
DA:112,1
DA:113,1
DA:114,1
DA:115,1
DA:116,1
DA:117,1
DA:122,1
DA:125,1
DA:126,4
DA:127,1
DA:128,5
DA:135,1
DA:136,4
DA:137,1
DA:138,4
DA:139,4
DA:141,0
DA:142,1
DA:143,1
DA:144,1
DA:145,1
DA:146,1
DA:147,1
DA:148,1
DA:149,1
DA:154,1
DA:157,1
DA:158,4
DA:159,1
DA:160,5
DA:167,1
DA:168,4
DA:169,1
DA:170,4
DA:171,4
DA:173,0
DA:174,1
DA:175,1
DA:176,1
DA:177,1
DA:178,1
DA:179,1
DA:180,1
DA:181,1
DA:186,1
DA:189,1
DA:190,4
DA:191,1
DA:196,1
DA:202,1
DA:203,0
DA:204,0
DA:206,0
DA:207,0
DA:210,1
DA:211,1
LF:110
LH:101
end_of_record
SF:lib\Utils\editProfileWrapper.dart
DA:10,1
DA:12,0
DA:13,0
DA:19,0
DA:21,0
DA:22,0
DA:23,0
DA:24,0
DA:25,0
DA:26,0
DA:27,0
DA:28,0
DA:29,0
DA:31,0
DA:32,0
DA:34,0
DA:35,0
DA:37,0
DA:38,0
DA:40,0
DA:41,0
LF:21
LH:1
end_of_record
SF:lib\Screen\User\edit_profile_screen.dart
DA:7,1
DA:9,1
DA:10,1
DA:30,1
DA:32,1
DA:33,1
DA:36,1
DA:37,2
DA:38,1
DA:49,2
DA:54,5
DA:55,5
DA:56,5
DA:57,5
DA:60,0
DA:61,0
DA:62,0
DA:63,0
DA:70,2
DA:71,1
DA:75,1
DA:76,1
DA:78,1
DA:85,1
DA:86,1
DA:88,1
DA:90,2
DA:91,1
DA:98,1
DA:99,1
DA:101,1
DA:108,1
DA:109,1
DA:111,1
DA:113,2
DA:114,1
DA:121,1
DA:122,1
DA:124,1
DA:131,1
DA:132,1
DA:134,1
DA:136,2
DA:137,1
DA:144,1
DA:145,1
DA:147,1
DA:154,1
DA:155,1
DA:157,1
DA:159,2
DA:160,1
DA:167,0
DA:169,0
DA:170,0
DA:171,0
DA:172,0
DA:173,0
DA:174,0
DA:183,0
DA:185,0
DA:186,0
DA:195,0
DA:206,0
DA:208,0
DA:209,0
DA:210,0
DA:211,0
DA:212,0
DA:213,0
DA:214,0
DA:215,0
DA:216,0
DA:220,0
DA:228,0
DA:230,0
DA:231,0
DA:232,0
DA:233,0
DA:234,0
DA:235,0
DA:236,0
DA:237,0
DA:239,0
DA:248,1
DA:250,1
DA:251,1
DA:252,1
DA:253,1
DA:263,1
DA:265,1
DA:266,1
DA:267,1
DA:268,1
DA:272,1
DA:275,1
DA:276,1
DA:277,3
DA:278,0
DA:280,0
DA:281,3
DA:282,0
DA:283,7
DA:284,1
DA:291,1
DA:292,4
DA:293,1
DA:294,4
DA:295,4
DA:298,0
DA:300,1
DA:301,1
DA:302,1
DA:303,1
DA:304,1
DA:305,1
DA:310,1
DA:312,1
DA:315,1
DA:316,1
DA:317,2
DA:319,4
DA:320,0
DA:321,1
DA:322,4
DA:323,0
DA:324,1
DA:326,4
DA:327,0
DA:328,1
DA:329,8
DA:330,0
DA:331,1
DA:335,1
DA:336,1
DA:337,1
DA:338,0
DA:339,0
DA:340,0
DA:343,1
DA:345,1
DA:346,1
DA:347,2
DA:348,1
DA:350,1
DA:351,1
DA:352,2
DA:353,0
DA:354,0
DA:363,1
DA:365,1
DA:368,1
DA:370,1
DA:372,1
DA:373,1
DA:375,1
DA:376,1
DA:377,1
DA:378,1
LF:159
LH:110
end_of_record
